TN:
SF:tailwind.config.ts
FNF:0
FNH:0
DA:3,0
DA:100,0
LF:2
LH:0
BRF:0
BRH:0
end_of_record
TN:
SF:app\layout.tsx
FN:16,RootLayout
FNF:1
FNH:0
FNDA:0,RootLayout
DA:3,0
DA:4,0
DA:5,0
DA:6,0
DA:8,0
DA:10,0
DA:16,0
LF:7
LH:0
BRF:0
BRH:0
end_of_record
TN:
SF:app\loading.tsx
FN:1,Loading
FNF:1
FNH:0
FNDA:0,Loading
DA:1,0
DA:2,0
LF:2
LH:0
BRF:0
BRH:0
end_of_record
TN:
SF:app\not-found.tsx
FN:4,NotFound
FNF:1
FNH:0
FNDA:0,NotFound
DA:1,0
DA:2,0
DA:4,0
LF:3
LH:0
BRF:0
BRH:0
end_of_record
TN:
SF:app\page.tsx
FN:3,HomePage
FNF:1
FNH:0
FNDA:0,HomePage
DA:1,0
DA:3,0
DA:4,0
LF:3
LH:0
BRF:0
BRH:0
end_of_record
TN:
SF:app\api\auth\login\route.ts
FN:4,POST
FNF:1
FNH:0
FNDA:0,POST
DA:1,0
DA:2,0
DA:4,0
DA:5,0
DA:6,0
DA:7,0
DA:14,0
DA:15,0
DA:21,0
DA:22,0
DA:29,0
DA:39,0
DA:41,0
DA:53,0
DA:63,0
DA:65,0
LF:16
LH:0
BRDA:14,0,0,0
BRDA:14,0,1,0
BRDA:21,1,0,0
BRDA:21,1,1,0
BRF:4
BRH:0
end_of_record
TN:
SF:app\api\auth\logout\route.ts
FN:4,POST
FNF:1
FNH:0
FNDA:0,POST
DA:1,0
DA:2,0
DA:4,0
DA:6,0
DA:16,0
DA:26,0
LF:6
LH:0
BRF:0
BRH:0
end_of_record
TN:
SF:app\api\auth\me\route.ts
FN:4,GET
FNF:1
FNH:0
FNDA:0,GET
DA:1,0
DA:2,0
DA:4,0
DA:5,0
DA:7,0
DA:9,0
DA:10,0
DA:18,0
DA:19,0
DA:25,0
DA:26,0
DA:33,0
DA:41,0
DA:43,0
LF:14
LH:0
BRDA:9,0,0,0
BRDA:9,0,1,0
BRDA:18,1,0,0
BRDA:18,1,1,0
BRDA:25,2,0,0
BRDA:25,2,1,0
BRF:6
BRH:0
end_of_record
TN:
SF:app\api\auth\signup\route.ts
FN:4,POST
FNF:1
FNH:0
FNDA:0,POST
DA:1,0
DA:2,0
DA:4,0
DA:5,0
DA:6,0
DA:7,0
DA:13,0
DA:21,0
DA:23,0
DA:34,0
DA:44,0
DA:46,0
LF:12
LH:0
BRF:0
BRH:0
end_of_record
TN:
SF:app\api\certificates\verify\route.ts
FN:3,POST
FNF:1
FNH:0
FNDA:0,POST
DA:1,0
DA:3,0
DA:4,0
DA:5,0
DA:6,0
DA:12,0
DA:14,0
DA:15,0
DA:25,0
DA:43,0
DA:52,0
LF:11
LH:0
BRDA:14,0,0,0
BRDA:14,0,1,0
BRDA:28,1,0,0
BRDA:28,1,1,0
BRDA:30,2,0,0
BRDA:30,2,1,0
BRF:6
BRH:0
end_of_record
TN:
SF:app\auth\admin-register\page.tsx
FN:18,AdminRegisterPage
FN:36,(anonymous_3)
FN:42,(anonymous_4)
FN:43,(anonymous_5)
FN:46,(anonymous_6)
FN:80,(anonymous_7)
FN:133,(anonymous_8)
FN:149,(anonymous_9)
FN:165,(anonymous_10)
FN:181,(anonymous_11)
FN:190,(anonymous_12)
FN:210,(anonymous_13)
FN:219,(anonymous_14)
FN:234,(anonymous_15)
FNF:14
FNH:0
FNDA:0,AdminRegisterPage
FNDA:0,(anonymous_3)
FNDA:0,(anonymous_4)
FNDA:0,(anonymous_5)
FNDA:0,(anonymous_6)
FNDA:0,(anonymous_7)
FNDA:0,(anonymous_8)
FNDA:0,(anonymous_9)
FNDA:0,(anonymous_10)
FNDA:0,(anonymous_11)
FNDA:0,(anonymous_12)
FNDA:0,(anonymous_13)
FNDA:0,(anonymous_14)
FNDA:0,(anonymous_15)
DA:5,0
DA:6,0
DA:7,0
DA:8,0
DA:9,0
DA:10,0
DA:11,0
DA:12,0
DA:13,0
DA:14,0
DA:15,0
DA:16,0
DA:18,0
DA:19,0
DA:26,0
DA:27,0
DA:28,0
DA:29,0
DA:31,0
DA:32,0
DA:33,0
DA:36,0
DA:37,0
DA:38,0
DA:42,0
DA:43,0
DA:46,0
DA:47,0
DA:49,0
DA:50,0
DA:55,0
DA:58,0
DA:59,0
DA:64,0
DA:67,0
DA:68,0
DA:73,0
DA:76,0
DA:78,0
DA:80,0
DA:82,0
DA:87,0
DA:89,0
DA:95,0
DA:133,0
DA:149,0
DA:165,0
DA:181,0
DA:190,0
DA:210,0
DA:219,0
DA:234,0
LF:52
LH:0
BRDA:37,0,0,0
BRDA:37,0,1,0
BRDA:37,1,0,0
BRDA:37,1,1,0
BRDA:49,2,0,0
BRDA:49,2,1,0
BRDA:58,3,0,0
BRDA:58,3,1,0
BRDA:67,4,0,0
BRDA:67,4,1,0
BRDA:178,5,0,0
BRDA:178,5,1,0
BRDA:193,6,0,0
BRDA:207,7,0,0
BRDA:207,7,1,0
BRDA:222,8,0,0
BRDA:253,9,0,0
BRDA:253,9,1,0
BRF:18
BRH:0
end_of_record
TN:
SF:app\auth\forgot-password\page.tsx
FN:15,ForgotPasswordPage
FN:23,(anonymous_3)
FN:30,(anonymous_4)
FN:61,(anonymous_5)
FN:112,(anonymous_6)
FNF:5
FNH:0
FNDA:0,ForgotPasswordPage
FNDA:0,(anonymous_3)
FNDA:0,(anonymous_4)
FNDA:0,(anonymous_5)
FNDA:0,(anonymous_6)
DA:5,0
DA:6,0
DA:7,0
DA:8,0
DA:9,0
DA:10,0
DA:11,0
DA:12,0
DA:13,0
DA:15,0
DA:16,0
DA:17,0
DA:18,0
DA:19,0
DA:21,0
DA:23,0
DA:24,0
DA:25,0
DA:26,0
DA:28,0
DA:30,0
DA:32,0
DA:33,0
DA:38,0
DA:40,0
DA:44,0
DA:61,0
DA:112,0
LF:28
LH:0
BRDA:38,0,0,0
BRDA:38,0,1,0
BRDA:44,1,0,0
BRDA:44,1,1,0
BRDA:99,2,0,0
BRDA:123,3,0,0
BRDA:123,3,1,0
BRF:7
BRH:0
end_of_record
TN:
SF:app\auth\login\page.tsx
FN:17,LoginPage
FN:30,(anonymous_3)
FNF:2
FNH:0
FNDA:0,LoginPage
FNDA:0,(anonymous_3)
DA:3,0
DA:4,0
DA:5,0
DA:6,0
DA:7,0
DA:8,0
DA:9,0
DA:10,0
DA:11,0
DA:12,0
DA:13,0
DA:14,0
DA:15,0
DA:17,0
DA:18,0
DA:19,0
DA:20,0
DA:26,0
DA:30,0
DA:31,0
DA:32,0
DA:33,0
DA:34,0
DA:36,0
LF:24
LH:0
BRDA:36,0,0,0
BRDA:36,0,1,0
BRDA:51,1,0,0
BRDA:69,2,0,0
BRDA:84,3,0,0
BRDA:93,4,0,0
BRDA:93,4,1,0
BRF:7
BRH:0
end_of_record
TN:
SF:app\auth\register\page.tsx
FN:18,RegisterPage
FN:44,(anonymous_3)
FN:56,(anonymous_4)
FN:139,(anonymous_5)
FN:168,(anonymous_6)
FN:184,(anonymous_7)
FNF:6
FNH:0
FNDA:0,RegisterPage
FNDA:0,(anonymous_3)
FNDA:0,(anonymous_4)
FNDA:0,(anonymous_5)
FNDA:0,(anonymous_6)
FNDA:0,(anonymous_7)
DA:3,0
DA:4,0
DA:5,0
DA:6,0
DA:7,0
DA:8,0
DA:9,0
DA:10,0
DA:11,0
DA:12,0
DA:13,0
DA:14,0
DA:15,0
DA:16,0
DA:18,0
DA:19,0
DA:20,0
DA:21,0
DA:22,0
DA:24,0
DA:25,0
DA:33,0
DA:44,0
DA:45,0
DA:46,0
DA:51,0
DA:53,0
DA:54,0
DA:56,0
DA:57,0
DA:61,0
DA:62,0
DA:64,0
DA:70,0
DA:139,0
DA:168,0
DA:184,0
LF:37
LH:0
BRDA:45,0,0,0
BRDA:45,0,1,0
BRDA:104,1,0,0
BRDA:119,2,0,0
BRDA:128,3,0,0
BRDA:128,3,1,0
BRDA:143,4,0,0
BRDA:148,5,0,0
BRDA:157,6,0,0
BRDA:157,6,1,0
BRDA:172,7,0,0
BRDA:177,8,0,0
BRDA:204,9,0,0
BRDA:204,9,1,0
BRF:14
BRH:0
end_of_record
TN:
SF:app\auth\signin\page.tsx
FN:17,SignInPage
FN:28,(anonymous_3)
FN:82,(anonymous_4)
FN:96,(anonymous_5)
FN:105,(anonymous_6)
FNF:5
FNH:0
FNDA:0,SignInPage
FNDA:0,(anonymous_3)
FNDA:0,(anonymous_4)
FNDA:0,(anonymous_5)
FNDA:0,(anonymous_6)
DA:5,0
DA:6,0
DA:7,0
DA:8,0
DA:9,0
DA:10,0
DA:11,0
DA:12,0
DA:13,0
DA:14,0
DA:15,0
DA:17,0
DA:18,0
DA:19,0
DA:20,0
DA:21,0
DA:22,0
DA:24,0
DA:25,0
DA:26,0
DA:28,0
DA:29,0
DA:30,0
DA:31,0
DA:33,0
DA:34,0
DA:35,0
DA:39,0
DA:41,0
DA:43,0
DA:82,0
DA:96,0
DA:105,0
LF:33
LH:0
BRDA:41,0,0,0
BRDA:41,0,1,0
BRDA:69,1,0,0
BRDA:93,2,0,0
BRDA:93,2,1,0
BRDA:108,3,0,0
BRDA:121,4,0,0
BRDA:121,4,1,0
BRF:8
BRH:0
end_of_record
TN:
SF:app\auth\signup\page.tsx
FN:18,SignUpPage
FN:35,(anonymous_3)
FN:66,(anonymous_4)
FN:67,(anonymous_5)
FN:105,(anonymous_6)
FN:118,(anonymous_7)
FN:126,(anonymous_8)
FN:146,(anonymous_9)
FN:155,(anonymous_10)
FN:174,(anonymous_11)
FN:183,(anonymous_12)
FNF:11
FNH:0
FNDA:0,SignUpPage
FNDA:0,(anonymous_3)
FNDA:0,(anonymous_4)
FNDA:0,(anonymous_5)
FNDA:0,(anonymous_6)
FNDA:0,(anonymous_7)
FNDA:0,(anonymous_8)
FNDA:0,(anonymous_9)
FNDA:0,(anonymous_10)
FNDA:0,(anonymous_11)
FNDA:0,(anonymous_12)
DA:5,0
DA:6,0
DA:7,0
DA:8,0
DA:9,0
DA:10,0
DA:11,0
DA:12,0
DA:13,0
DA:14,0
DA:15,0
DA:16,0
DA:18,0
DA:19,0
DA:26,0
DA:27,0
DA:28,0
DA:29,0
DA:31,0
DA:32,0
DA:33,0
DA:35,0
DA:36,0
DA:37,0
DA:38,0
DA:40,0
DA:41,0
DA:42,0
DA:43,0
DA:46,0
DA:47,0
DA:48,0
DA:49,0
DA:52,0
DA:53,0
DA:54,0
DA:58,0
DA:60,0
DA:62,0
DA:66,0
DA:67,0
DA:105,0
DA:118,0
DA:126,0
DA:146,0
DA:155,0
DA:174,0
DA:183,0
LF:48
LH:0
BRDA:40,0,0,0
BRDA:40,0,1,0
BRDA:46,1,0,0
BRDA:46,1,1,0
BRDA:60,2,0,0
BRDA:60,2,1,0
BRDA:92,3,0,0
BRDA:143,4,0,0
BRDA:143,4,1,0
BRDA:158,5,0,0
BRDA:171,6,0,0
BRDA:171,6,1,0
BRDA:186,7,0,0
BRDA:199,8,0,0
BRDA:199,8,1,0
BRF:15
BRH:0
end_of_record
TN:
SF:app\certificate-generator\page.tsx
FN:54,CertificateGeneratorPage
FN:86,CertificateGeneratorComponent
FN:127,(anonymous_9)
FN:132,(anonymous_10)
FN:138,(anonymous_11)
FN:159,(anonymous_12)
FN:160,(anonymous_13)
FN:163,(anonymous_14)
FN:164,(anonymous_15)
FN:167,(anonymous_16)
FN:172,(anonymous_17)
FN:173,(anonymous_18)
FN:178,(anonymous_19)
FN:199,(anonymous_20)
FN:220,(anonymous_21)
FN:229,(anonymous_22)
FN:241,(anonymous_23)
FN:253,(anonymous_24)
FN:260,(anonymous_25)
FN:263,(anonymous_26)
FN:385,(anonymous_27)
FN:395,(anonymous_28)
FN:406,(anonymous_29)
FN:416,(anonymous_30)
FN:426,(anonymous_31)
FN:436,(anonymous_32)
FN:480,(anonymous_33)
FN:499,(anonymous_34)
FN:507,(anonymous_35)
FN:530,(anonymous_36)
FN:536,(anonymous_37)
FN:554,(anonymous_38)
FN:565,(anonymous_39)
FN:571,(anonymous_40)
FN:589,(anonymous_41)
FN:601,(anonymous_42)
FN:612,(anonymous_43)
FNF:37
FNH:0
FNDA:0,CertificateGeneratorPage
FNDA:0,CertificateGeneratorComponent
FNDA:0,(anonymous_9)
FNDA:0,(anonymous_10)
FNDA:0,(anonymous_11)
FNDA:0,(anonymous_12)
FNDA:0,(anonymous_13)
FNDA:0,(anonymous_14)
FNDA:0,(anonymous_15)
FNDA:0,(anonymous_16)
FNDA:0,(anonymous_17)
FNDA:0,(anonymous_18)
FNDA:0,(anonymous_19)
FNDA:0,(anonymous_20)
FNDA:0,(anonymous_21)
FNDA:0,(anonymous_22)
FNDA:0,(anonymous_23)
FNDA:0,(anonymous_24)
FNDA:0,(anonymous_25)
FNDA:0,(anonymous_26)
FNDA:0,(anonymous_27)
FNDA:0,(anonymous_28)
FNDA:0,(anonymous_29)
FNDA:0,(anonymous_30)
FNDA:0,(anonymous_31)
FNDA:0,(anonymous_32)
FNDA:0,(anonymous_33)
FNDA:0,(anonymous_34)
FNDA:0,(anonymous_35)
FNDA:0,(anonymous_36)
FNDA:0,(anonymous_37)
FNDA:0,(anonymous_38)
FNDA:0,(anonymous_39)
FNDA:0,(anonymous_40)
FNDA:0,(anonymous_41)
FNDA:0,(anonymous_42)
FNDA:0,(anonymous_43)
DA:5,0
DA:6,0
DA:7,0
DA:8,0
DA:9,0
DA:10,0
DA:11,0
DA:12,0
DA:13,0
DA:14,0
DA:15,0
DA:16,0
DA:17,0
DA:18,0
DA:19,0
DA:20,0
DA:22,0
DA:23,0
DA:24,0
DA:25,0
DA:27,0
DA:33,0
DA:54,0
DA:86,0
DA:87,0
DA:88,0
DA:89,0
DA:90,0
DA:91,0
DA:92,0
DA:93,0
DA:94,0
DA:97,0
DA:107,0
DA:124,0
DA:125,0
DA:127,0
DA:128,0
DA:129,0
DA:132,0
DA:133,0
DA:134,0
DA:138,0
DA:139,0
DA:140,0
DA:143,0
DA:153,0
DA:155,0
DA:159,0
DA:160,0
DA:163,0
DA:164,0
DA:167,0
DA:168,0
DA:172,0
DA:173,0
DA:174,0
DA:178,0
DA:179,0
DA:180,0
DA:182,0
DA:183,0
DA:184,0
DA:186,0
DA:189,0
DA:190,0
DA:192,0
DA:193,0
DA:194,0
DA:196,0
DA:199,0
DA:200,0
DA:202,0
DA:203,0
DA:205,0
DA:206,0
DA:209,0
DA:210,0
DA:212,0
DA:213,0
DA:214,0
DA:216,0
DA:217,0
DA:220,0
DA:221,0
DA:222,0
DA:223,0
DA:225,0
DA:226,0
DA:229,0
DA:230,0
DA:231,0
DA:233,0
DA:234,0
DA:236,0
DA:237,0
DA:238,0
DA:241,0
DA:242,0
DA:243,0
DA:245,0
DA:246,0
DA:248,0
DA:249,0
DA:250,0
DA:253,0
DA:254,0
DA:255,0
DA:260,0
DA:263,0
DA:264,0
DA:266,0
DA:268,0
DA:269,0
DA:276,0
DA:280,0
DA:287,0
DA:288,0
DA:290,0
DA:291,0
DA:293,0
DA:295,0
DA:385,0
DA:395,0
DA:406,0
DA:416,0
DA:426,0
DA:436,0
DA:480,0
DA:500,0
DA:507,0
DA:530,0
DA:537,0
DA:554,0
DA:565,0
DA:572,0
DA:589,0
DA:601,0
DA:612,0
LF:139
LH:0
BRDA:133,0,0,0
BRDA:133,0,1,0
BRDA:168,1,0,0
BRDA:168,1,1,0
BRDA:174,2,0,0
BRDA:174,2,1,0
BRDA:180,3,0,0
BRDA:180,3,1,0
BRDA:184,4,0,0
BRDA:184,4,1,0
BRDA:189,5,0,0
BRDA:189,5,1,0
BRDA:190,6,0,0
BRDA:190,6,1,0
BRDA:200,7,0,0
BRDA:200,7,1,0
BRDA:203,8,0,0
BRDA:203,8,1,0
BRDA:206,9,0,0
BRDA:206,9,1,0
BRDA:209,10,0,0
BRDA:209,10,1,0
BRDA:210,11,0,0
BRDA:210,11,1,0
BRDA:223,12,0,0
BRDA:223,12,1,0
BRDA:231,13,0,0
BRDA:231,13,1,0
BRDA:234,14,0,0
BRDA:234,14,1,0
BRDA:243,15,0,0
BRDA:243,15,1,0
BRDA:246,16,0,0
BRDA:246,16,1,0
BRDA:254,17,0,0
BRDA:254,17,1,0
BRDA:260,18,0,0
BRDA:260,18,1,0
BRDA:264,19,0,0
BRDA:264,19,1,0
BRDA:329,20,0,0
BRDA:332,21,0,0
BRDA:503,22,0,0
BRDA:503,22,1,0
BRDA:515,23,0,0
BRDA:637,24,0,0
BRDA:637,24,1,0
BRDA:782,25,0,0
BRDA:782,25,1,0
BRDA:786,26,0,0
BRDA:786,26,1,0
BRDA:807,27,0,0
BRDA:807,27,1,0
BRDA:810,28,0,0
BRDA:810,28,1,0
BRDA:832,29,0,0
BRDA:832,29,1,0
BRF:57
BRH:0
end_of_record
TN:
SF:app\certificate\[id]\loading.tsx
FN:1,Loading
FNF:1
FNH:0
FNDA:0,Loading
DA:1,0
DA:2,0
LF:2
LH:0
BRF:0
BRH:0
end_of_record
TN:
SF:app\certificate\[id]\page.tsx
FN:32,CertificateDetailsPage
FN:53,(anonymous_6)
FN:54,(anonymous_7)
FN:58,(anonymous_8)
FN:60,(anonymous_9)
FN:68,(anonymous_10)
FN:79,(anonymous_11)
FN:83,(anonymous_12)
FN:85,(anonymous_13)
FN:98,(anonymous_14)
FN:108,(anonymous_15)
FN:120,(anonymous_16)
FN:143,(anonymous_17)
FN:152,(anonymous_18)
FN:161,(anonymous_19)
FN:276,(anonymous_20)
FN:276,(anonymous_21)
FN:284,(anonymous_22)
FN:284,(anonymous_23)
FN:293,(anonymous_24)
FN:293,(anonymous_25)
FN:301,(anonymous_26)
FN:301,(anonymous_27)
FN:395,(anonymous_28)
FN:400,(anonymous_29)
FNF:25
FNH:0
FNDA:0,CertificateDetailsPage
FNDA:0,(anonymous_6)
FNDA:0,(anonymous_7)
FNDA:0,(anonymous_8)
FNDA:0,(anonymous_9)
FNDA:0,(anonymous_10)
FNDA:0,(anonymous_11)
FNDA:0,(anonymous_12)
FNDA:0,(anonymous_13)
FNDA:0,(anonymous_14)
FNDA:0,(anonymous_15)
FNDA:0,(anonymous_16)
FNDA:0,(anonymous_17)
FNDA:0,(anonymous_18)
FNDA:0,(anonymous_19)
FNDA:0,(anonymous_20)
FNDA:0,(anonymous_21)
FNDA:0,(anonymous_22)
FNDA:0,(anonymous_23)
FNDA:0,(anonymous_24)
FNDA:0,(anonymous_25)
FNDA:0,(anonymous_26)
FNDA:0,(anonymous_27)
FNDA:0,(anonymous_28)
FNDA:0,(anonymous_29)
DA:3,0
DA:4,0
DA:5,0
DA:6,0
DA:7,0
DA:8,0
DA:9,0
DA:20,0
DA:21,0
DA:22,0
DA:23,0
DA:24,0
DA:25,0
DA:26,0
DA:27,0
DA:28,0
DA:29,0
DA:30,0
DA:32,0
DA:33,0
DA:34,0
DA:35,0
DA:36,0
DA:37,0
DA:38,0
DA:39,0
DA:41,0
DA:43,0
DA:44,0
DA:45,0
DA:46,0
DA:53,0
DA:54,0
DA:55,0
DA:58,0
DA:60,0
DA:61,0
DA:62,0
DA:65,0
DA:68,0
DA:69,0
DA:70,0
DA:79,0
DA:80,0
DA:83,0
DA:85,0
DA:91,0
DA:92,0
DA:98,0
DA:99,0
DA:105,0
DA:108,0
DA:109,0
DA:110,0
DA:111,0
DA:112,0
DA:113,0
DA:114,0
DA:115,0
DA:116,0
DA:117,0
DA:120,0
DA:121,0
DA:122,0
DA:123,0
DA:124,0
DA:125,0
DA:126,0
DA:127,0
DA:130,0
DA:135,0
DA:143,0
DA:144,0
DA:145,0
DA:146,0
DA:152,0
DA:153,0
DA:158,0
DA:161,0
DA:162,0
DA:167,0
DA:170,0
DA:181,0
DA:276,0
DA:284,0
DA:293,0
DA:301,0
DA:395,0
DA:400,0
LF:89
LH:0
BRDA:69,0,0,0
BRDA:69,0,1,0
BRDA:74,1,0,0
BRDA:74,1,1,0
BRDA:103,2,0,0
BRDA:103,2,1,0
BRDA:110,3,0,0
BRDA:110,3,1,0
BRDA:122,4,0,0
BRDA:122,4,1,0
BRDA:170,5,0,0
BRDA:170,5,1,0
BRDA:173,6,0,0
BRDA:173,6,1,0
BRDA:181,7,0,0
BRDA:181,7,1,0
BRDA:184,8,0,0
BRDA:184,8,1,0
BRDA:188,9,0,0
BRDA:188,9,1,0
BRDA:189,10,0,0
BRDA:189,10,1,0
BRDA:199,11,0,0
BRDA:199,11,1,0
BRDA:203,12,0,0
BRDA:203,12,1,0
BRDA:206,13,0,0
BRDA:206,13,1,0
BRDA:219,14,0,0
BRDA:219,14,1,0
BRDA:224,15,0,0
BRDA:224,15,1,0
BRDA:268,16,0,0
BRDA:410,17,0,0
BRDA:410,17,1,0
BRDA:471,18,0,0
BRDA:471,18,1,0
BRDA:476,19,0,0
BRDA:476,19,1,0
BRDA:482,20,0,0
BRF:40
BRH:0
end_of_record
TN:
SF:app\dashboard\page.tsx
FN:10,DashboardPage
FN:25,(anonymous_2)
FNF:2
FNH:0
FNDA:0,DashboardPage
FNDA:0,(anonymous_2)
DA:3,0
DA:4,0
DA:5,0
DA:6,0
DA:7,0
DA:8,0
DA:10,0
DA:11,0
DA:13,0
DA:21,0
DA:25,0
DA:26,0
DA:28,0
DA:30,0
DA:32,0
DA:34,0
LF:16
LH:0
BRDA:13,0,0,0
BRDA:13,0,1,0
BRDA:21,1,0,0
BRDA:21,1,1,0
BRDA:26,2,0,0
BRDA:26,2,1,0
BRDA:26,2,2,0
BRDA:26,2,3,0
BRF:8
BRH:0
end_of_record
TN:
SF:app\qr-generator\page.tsx
FN:16,QRGenerator
FN:31,(anonymous_3)
FN:36,(anonymous_4)
FN:42,(anonymous_5)
FN:43,(anonymous_6)
FN:46,(anonymous_7)
FN:70,(anonymous_8)
FN:74,(anonymous_9)
FN:77,(anonymous_10)
FN:86,(anonymous_11)
FN:110,(anonymous_12)
FN:190,(anonymous_13)
FN:203,(anonymous_14)
FN:216,(anonymous_15)
FN:229,(anonymous_16)
FN:242,(anonymous_17)
FNF:16
FNH:0
FNDA:0,QRGenerator
FNDA:0,(anonymous_3)
FNDA:0,(anonymous_4)
FNDA:0,(anonymous_5)
FNDA:0,(anonymous_6)
FNDA:0,(anonymous_7)
FNDA:0,(anonymous_8)
FNDA:0,(anonymous_9)
FNDA:0,(anonymous_10)
FNDA:0,(anonymous_11)
FNDA:0,(anonymous_12)
FNDA:0,(anonymous_13)
FNDA:0,(anonymous_14)
FNDA:0,(anonymous_15)
FNDA:0,(anonymous_16)
FNDA:0,(anonymous_17)
DA:3,0
DA:4,0
DA:5,0
DA:6,0
DA:7,0
DA:8,0
DA:9,0
DA:10,0
DA:11,0
DA:12,0
DA:13,0
DA:14,0
DA:16,0
DA:17,0
DA:24,0
DA:25,0
DA:26,0
DA:27,0
DA:28,0
DA:29,0
DA:31,0
DA:32,0
DA:36,0
DA:37,0
DA:38,0
DA:42,0
DA:43,0
DA:46,0
DA:47,0
DA:48,0
DA:49,0
DA:52,0
DA:62,0
DA:63,0
DA:65,0
DA:70,0
DA:71,0
DA:72,0
DA:73,0
DA:74,0
DA:77,0
DA:78,0
DA:79,0
DA:80,0
DA:81,0
DA:82,0
DA:86,0
DA:87,0
DA:88,0
DA:91,0
DA:101,0
DA:102,0
DA:103,0
DA:104,0
DA:106,0
DA:110,0
DA:111,0
DA:114,0
DA:190,0
DA:203,0
DA:216,0
DA:229,0
DA:242,0
LF:63
LH:0
BRDA:37,0,0,0
BRDA:37,0,1,0
BRDA:37,1,0,0
BRDA:37,1,1,0
BRDA:47,2,0,0
BRDA:47,2,1,0
BRDA:47,3,0,0
BRDA:47,3,1,0
BRDA:47,3,2,0
BRDA:56,4,0,0
BRDA:56,4,1,0
BRDA:57,5,0,0
BRDA:57,5,1,0
BRDA:78,6,0,0
BRDA:78,6,1,0
BRDA:95,7,0,0
BRDA:95,7,1,0
BRDA:96,8,0,0
BRDA:96,8,1,0
BRDA:111,9,0,0
BRDA:111,9,1,0
BRDA:114,10,0,0
BRDA:114,10,1,0
BRDA:146,11,0,0
BRDA:149,12,0,0
BRDA:249,13,0,0
BRDA:249,13,1,0
BRDA:249,13,2,0
BRDA:269,14,0,0
BRDA:268,15,0,0
BRDA:268,15,1,0
BRDA:277,16,0,0
BRDA:277,16,1,0
BRDA:277,17,0,0
BRDA:277,17,1,0
BRDA:284,18,0,0
BRDA:284,18,1,0
BRDA:305,19,0,0
BRDA:310,20,0,0
BRDA:335,21,0,0
BRF:40
BRH:0
end_of_record
TN:
SF:app\verify\loading.tsx
FN:1,Loading
FNF:1
FNH:0
FNDA:0,Loading
DA:1,0
DA:2,0
LF:2
LH:0
BRF:0
BRH:0
end_of_record
TN:
SF:app\verify\page.tsx
FN:15,VerifyPage
FN:21,(anonymous_2)
FN:28,(anonymous_3)
FNF:3
FNH:0
FNDA:0,VerifyPage
FNDA:0,(anonymous_2)
FNDA:0,(anonymous_3)
DA:3,0
DA:4,0
DA:5,0
DA:6,0
DA:7,0
DA:8,0
DA:9,0
DA:10,0
DA:11,0
DA:12,0
DA:15,0
DA:16,0
DA:17,0
DA:18,0
DA:21,0
DA:22,0
DA:23,0
DA:24,0
DA:28,0
DA:29,0
DA:30,0
DA:31,0
DA:32,0
DA:34,0
DA:35,0
DA:41,0
LF:26
LH:0
BRDA:23,0,0,0
BRDA:23,0,1,0
BRDA:96,1,0,0
BRF:3
BRH:0
end_of_record
TN:
SF:app\verify\[code]\page.tsx
FN:15,VerificationResultPage
FN:23,(anonymous_3)
FN:24,(anonymous_4)
FN:28,(anonymous_5)
FN:30,(anonymous_6)
FN:45,(anonymous_7)
FN:53,(anonymous_8)
FNF:7
FNH:0
FNDA:0,VerificationResultPage
FNDA:0,(anonymous_3)
FNDA:0,(anonymous_4)
FNDA:0,(anonymous_5)
FNDA:0,(anonymous_6)
FNDA:0,(anonymous_7)
FNDA:0,(anonymous_8)
DA:3,0
DA:4,0
DA:5,0
DA:6,0
DA:7,0
DA:8,0
DA:9,0
DA:10,0
DA:11,0
DA:12,0
DA:13,0
DA:15,0
DA:16,0
DA:17,0
DA:18,0
DA:19,0
DA:20,0
DA:21,0
DA:23,0
DA:24,0
DA:25,0
DA:28,0
DA:30,0
DA:32,0
DA:33,0
DA:34,0
DA:36,0
DA:39,0
DA:42,0
DA:45,0
DA:46,0
DA:47,0
DA:53,0
DA:54,0
DA:60,0
LF:35
LH:0
BRDA:32,0,0,0
BRDA:32,0,1,0
BRDA:60,1,0,0
BRDA:60,1,1,0
BRDA:85,2,0,0
BRDA:84,3,0,0
BRDA:84,3,1,0
BRF:7
BRH:0
end_of_record
TN:
SF:components\add-certificate-form.tsx
FN:23,(anonymous_1)
FN:31,AddCertificateForm
FN:56,(anonymous_3)
FN:59,(anonymous_4)
FN:61,(anonymous_5)
FN:65,(anonymous_6)
FN:183,(anonymous_7)
FN:184,(anonymous_8)
FN:212,(anonymous_9)
FN:213,(anonymous_10)
FNF:10
FNH:0
FNDA:0,(anonymous_1)
FNDA:0,AddCertificateForm
FNDA:0,(anonymous_3)
FNDA:0,(anonymous_4)
FNDA:0,(anonymous_5)
FNDA:0,(anonymous_6)
FNDA:0,(anonymous_7)
FNDA:0,(anonymous_8)
FNDA:0,(anonymous_9)
FNDA:0,(anonymous_10)
DA:4,0
DA:5,0
DA:6,0
DA:7,0
DA:8,0
DA:9,0
DA:10,0
DA:11,0
DA:12,0
DA:13,0
DA:14,0
DA:15,0
DA:16,0
DA:23,0
DA:24,0
DA:25,0
DA:28,0
DA:31,0
DA:32,0
DA:40,0
DA:55,0
DA:56,0
DA:57,0
DA:59,0
DA:61,0
DA:62,0
DA:63,0
DA:65,0
DA:66,0
DA:74,0
DA:75,0
DA:79,0
DA:80,0
DA:81,0
DA:83,0
DA:89,0
DA:183,0
DA:184,0
DA:212,0
DA:213,0
LF:40
LH:0
BRDA:119,0,0,0
BRDA:129,1,0,0
BRDA:139,2,0,0
BRDA:160,3,0,0
BRDA:171,4,0,0
BRDA:171,4,1,0
BRDA:176,5,0,0
BRDA:183,6,0,0
BRDA:183,6,1,0
BRDA:189,7,0,0
BRDA:200,8,0,0
BRDA:200,8,1,0
BRDA:205,9,0,0
BRDA:212,10,0,0
BRDA:212,10,1,0
BRDA:218,11,0,0
BRDA:228,12,0,0
BRDA:238,13,0,0
BRDA:241,14,0,0
BRDA:241,14,1,0
BRF:20
BRH:0
end_of_record
TN:
SF:components\admin-dashboard.tsx
FN:41,AdminDashboard
FN:51,(anonymous_3)
FN:52,(anonymous_4)
FN:53,(anonymous_5)
FN:57,(anonymous_6)
FN:61,(anonymous_7)
FN:62,(anonymous_8)
FN:63,(anonymous_9)
FN:67,(anonymous_10)
FN:68,(anonymous_11)
FN:68,(anonymous_12)
FN:69,(anonymous_13)
FN:72,(anonymous_14)
FN:83,(anonymous_15)
FN:110,(anonymous_16)
FN:127,(anonymous_17)
FN:128,(anonymous_18)
FN:129,(anonymous_19)
FN:130,(anonymous_20)
FN:213,(anonymous_21)
FN:245,(anonymous_22)
FN:299,(anonymous_23)
FN:345,(anonymous_24)
FNF:23
FNH:0
FNDA:0,AdminDashboard
FNDA:0,(anonymous_3)
FNDA:0,(anonymous_4)
FNDA:0,(anonymous_5)
FNDA:0,(anonymous_6)
FNDA:0,(anonymous_7)
FNDA:0,(anonymous_8)
FNDA:0,(anonymous_9)
FNDA:0,(anonymous_10)
FNDA:0,(anonymous_11)
FNDA:0,(anonymous_12)
FNDA:0,(anonymous_13)
FNDA:0,(anonymous_14)
FNDA:0,(anonymous_15)
FNDA:0,(anonymous_16)
FNDA:0,(anonymous_17)
FNDA:0,(anonymous_18)
FNDA:0,(anonymous_19)
FNDA:0,(anonymous_20)
FNDA:0,(anonymous_21)
FNDA:0,(anonymous_22)
FNDA:0,(anonymous_23)
FNDA:0,(anonymous_24)
DA:3,0
DA:4,0
DA:17,0
DA:18,0
DA:19,0
DA:20,0
DA:21,0
DA:22,0
DA:23,0
DA:24,0
DA:32,0
DA:33,0
DA:34,0
DA:35,0
DA:36,0
DA:37,0
DA:38,0
DA:39,0
DA:41,0
DA:42,0
DA:43,0
DA:44,0
DA:45,0
DA:47,0
DA:48,0
DA:51,0
DA:52,0
DA:53,0
DA:54,0
DA:57,0
DA:61,0
DA:62,0
DA:63,0
DA:67,0
DA:68,0
DA:69,0
DA:72,0
DA:74,0
DA:77,0
DA:78,0
DA:81,0
DA:83,0
DA:110,0
DA:127,0
DA:129,0
DA:130,0
DA:213,0
DA:246,0
DA:300,0
DA:346,0
LF:50
LH:0
BRDA:54,0,0,0
BRDA:54,0,1,0
BRDA:74,1,0,0
BRDA:74,1,1,0
BRDA:74,1,2,0
BRDA:77,2,0,0
BRDA:77,2,1,0
BRDA:78,3,0,0
BRDA:78,3,1,0
BRDA:252,4,0,0
BRDA:252,4,1,0
BRDA:304,5,0,0
BRDA:304,5,1,0
BRDA:351,6,0,0
BRDA:351,6,1,0
BRF:15
BRH:0
end_of_record
TN:
SF:components\auth-provider.tsx
FN:23,AuthProvider
FN:30,(anonymous_4)
FN:34,(anonymous_5)
FN:45,(anonymous_6)
FN:69,(anonymous_7)
FN:83,(anonymous_8)
FN:97,(anonymous_9)
FN:110,(anonymous_10)
FN:140,useAuth
FNF:9
FNH:0
FNDA:0,AuthProvider
FNDA:0,(anonymous_4)
FNDA:0,(anonymous_5)
FNDA:0,(anonymous_6)
FNDA:0,(anonymous_7)
FNDA:0,(anonymous_8)
FNDA:0,(anonymous_9)
FNDA:0,(anonymous_10)
FNDA:0,useAuth
DA:5,0
DA:6,0
DA:7,0
DA:9,0
DA:21,0
DA:23,0
DA:24,0
DA:25,0
DA:26,0
DA:27,0
DA:28,0
DA:30,0
DA:31,0
DA:34,0
DA:36,0
DA:37,0
DA:38,0
DA:39,0
DA:40,0
DA:45,0
DA:46,0
DA:47,0
DA:48,0
DA:51,0
DA:53,0
DA:54,0
DA:55,0
DA:59,0
DA:60,0
DA:62,0
DA:63,0
DA:65,0
DA:69,0
DA:70,0
DA:71,0
DA:72,0
DA:73,0
DA:74,0
DA:76,0
DA:77,0
DA:79,0
DA:83,0
DA:84,0
DA:85,0
DA:86,0
DA:87,0
DA:90,0
DA:91,0
DA:93,0
DA:97,0
DA:98,0
DA:99,0
DA:100,0
DA:101,0
DA:102,0
DA:104,0
DA:106,0
DA:110,0
DA:111,0
DA:112,0
DA:113,0
DA:114,0
DA:116,0
DA:117,0
DA:119,0
DA:140,0
DA:141,0
DA:142,0
DA:143,0
DA:145,0
LF:70
LH:0
BRDA:36,0,0,0
BRDA:36,0,1,0
BRDA:37,1,0,0
BRDA:37,1,1,0
BRDA:37,2,0,0
BRDA:37,2,1,0
BRDA:37,2,2,0
BRDA:39,3,0,0
BRDA:39,3,1,0
BRDA:39,4,0,0
BRDA:39,4,1,0
BRDA:53,5,0,0
BRDA:53,5,1,0
BRDA:76,6,0,0
BRDA:76,6,1,0
BRDA:90,7,0,0
BRDA:90,7,1,0
BRDA:116,8,0,0
BRDA:116,8,1,0
BRDA:142,9,0,0
BRDA:142,9,1,0
BRF:21
BRH:0
end_of_record
TN:
SF:components\bulk-upload-form.tsx
FN:39,(anonymous_1)
FN:52,BulkUploadForm
FN:70,(anonymous_3)
FN:77,(anonymous_4)
FN:84,(anonymous_5)
FN:87,(anonymous_6)
FN:91,(anonymous_7)
FN:92,(anonymous_8)
FN:93,(anonymous_9)
FN:95,(anonymous_10)
FN:117,(anonymous_11)
FN:145,(anonymous_12)
FN:148,(anonymous_13)
FN:167,(anonymous_14)
FN:184,(anonymous_15)
FN:210,(anonymous_16)
FN:248,(anonymous_17)
FN:307,(anonymous_18)
FN:337,(anonymous_19)
FNF:19
FNH:0
FNDA:0,(anonymous_1)
FNDA:0,BulkUploadForm
FNDA:0,(anonymous_3)
FNDA:0,(anonymous_4)
FNDA:0,(anonymous_5)
FNDA:0,(anonymous_6)
FNDA:0,(anonymous_7)
FNDA:0,(anonymous_8)
FNDA:0,(anonymous_9)
FNDA:0,(anonymous_10)
FNDA:0,(anonymous_11)
FNDA:0,(anonymous_12)
FNDA:0,(anonymous_13)
FNDA:0,(anonymous_14)
FNDA:0,(anonymous_15)
FNDA:0,(anonymous_16)
FNDA:0,(anonymous_17)
FNDA:0,(anonymous_18)
FNDA:0,(anonymous_19)
DA:5,0
DA:6,0
DA:7,0
DA:8,0
DA:10,0
DA:11,0
DA:12,0
DA:13,0
DA:14,0
DA:15,0
DA:18,0
DA:39,0
DA:40,0
DA:41,0
DA:44,0
DA:52,0
DA:53,0
DA:54,0
DA:55,0
DA:65,0
DA:70,0
DA:71,0
DA:74,0
DA:75,0
DA:77,0
DA:78,0
DA:79,0
DA:80,0
DA:83,0
DA:84,0
DA:85,0
DA:86,0
DA:87,0
DA:89,0
DA:91,0
DA:93,0
DA:94,0
DA:95,0
DA:96,0
DA:98,0
DA:101,0
DA:102,0
DA:108,0
DA:110,0
DA:117,0
DA:118,0
DA:119,0
DA:124,0
DA:126,0
DA:127,0
DA:132,0
DA:134,0
DA:135,0
DA:140,0
DA:142,0
DA:143,0
DA:145,0
DA:148,0
DA:163,0
DA:165,0
DA:167,0
DA:170,0
DA:171,0
DA:172,0
DA:174,0
DA:180,0
DA:184,0
DA:186,0
DA:194,0
DA:195,0
DA:196,0
DA:197,0
DA:198,0
DA:199,0
DA:200,0
DA:201,0
DA:202,0
DA:204,0
DA:210,0
DA:249,0
DA:308,0
DA:309,0
DA:338,0
LF:83
LH:0
BRDA:79,0,0,0
BRDA:79,0,1,0
BRDA:96,1,0,0
BRDA:96,1,1,0
BRDA:118,2,0,0
BRDA:118,2,1,0
BRDA:126,3,0,0
BRDA:126,3,1,0
BRDA:134,4,0,0
BRDA:134,4,1,0
BRDA:150,5,0,0
BRDA:150,5,1,0
BRDA:151,6,0,0
BRDA:151,6,1,0
BRDA:151,6,2,0
BRDA:152,7,0,0
BRDA:152,7,1,0
BRDA:152,7,2,0
BRDA:153,8,0,0
BRDA:153,8,1,0
BRDA:153,8,2,0
BRDA:154,9,0,0
BRDA:154,9,1,0
BRDA:154,9,2,0
BRDA:155,10,0,0
BRDA:155,10,1,0
BRDA:155,10,2,0
BRDA:254,11,0,0
BRDA:281,12,0,0
BRDA:287,13,0,0
BRDA:314,14,0,0
BRDA:322,15,0,0
BRDA:340,16,0,0
BRDA:340,16,1,0
BRDA:343,17,0,0
BRDA:343,17,1,0
BRDA:343,17,2,0
BRDA:348,18,0,0
BRDA:348,18,1,0
BRDA:348,18,2,0
BRDA:351,19,0,0
BRDA:351,19,1,0
BRDA:351,19,2,0
BRDA:354,20,0,0
BRDA:354,20,1,0
BRDA:354,20,2,0
BRDA:360,21,0,0
BRDA:399,22,0,0
BRDA:399,22,1,0
BRDA:399,22,2,0
BRDA:399,22,3,0
BRDA:403,23,0,0
BRDA:403,23,1,0
BRF:53
BRH:0
end_of_record
TN:
SF:components\certificate-generator.tsx
FN:28,CertificateGenerator
FN:49,(anonymous_3)
FN:53,(anonymous_4)
FN:63,(anonymous_5)
FN:76,(anonymous_6)
FN:77,(anonymous_7)
FN:80,(anonymous_8)
FN:85,(anonymous_9)
FN:132,(anonymous_10)
FN:139,(anonymous_11)
FN:141,(anonymous_12)
FN:142,(anonymous_13)
FN:146,(anonymous_14)
FN:147,(anonymous_15)
FN:149,(anonymous_16)
FN:160,(anonymous_17)
FN:172,(anonymous_18)
FN:213,(anonymous_19)
FN:232,(anonymous_20)
FN:233,(anonymous_21)
FN:263,(anonymous_22)
FN:279,(anonymous_23)
FN:293,(anonymous_24)
FN:300,(anonymous_25)
FN:310,(anonymous_26)
FN:328,(anonymous_27)
FN:337,(anonymous_28)
FN:346,(anonymous_29)
FN:352,(anonymous_30)
FN:360,(anonymous_31)
FN:366,(anonymous_32)
FN:559,(anonymous_33)
FN:575,(anonymous_34)
FN:619,(anonymous_35)
FNF:34
FNH:0
FNDA:0,CertificateGenerator
FNDA:0,(anonymous_3)
FNDA:0,(anonymous_4)
FNDA:0,(anonymous_5)
FNDA:0,(anonymous_6)
FNDA:0,(anonymous_7)
FNDA:0,(anonymous_8)
FNDA:0,(anonymous_9)
FNDA:0,(anonymous_10)
FNDA:0,(anonymous_11)
FNDA:0,(anonymous_12)
FNDA:0,(anonymous_13)
FNDA:0,(anonymous_14)
FNDA:0,(anonymous_15)
FNDA:0,(anonymous_16)
FNDA:0,(anonymous_17)
FNDA:0,(anonymous_18)
FNDA:0,(anonymous_19)
FNDA:0,(anonymous_20)
FNDA:0,(anonymous_21)
FNDA:0,(anonymous_22)
FNDA:0,(anonymous_23)
FNDA:0,(anonymous_24)
FNDA:0,(anonymous_25)
FNDA:0,(anonymous_26)
FNDA:0,(anonymous_27)
FNDA:0,(anonymous_28)
FNDA:0,(anonymous_29)
FNDA:0,(anonymous_30)
FNDA:0,(anonymous_31)
FNDA:0,(anonymous_32)
FNDA:0,(anonymous_33)
FNDA:0,(anonymous_34)
FNDA:0,(anonymous_35)
DA:5,0
DA:6,0
DA:7,0
DA:8,0
DA:9,0
DA:10,0
DA:11,0
DA:12,0
DA:13,0
DA:14,0
DA:15,0
DA:16,0
DA:19,0
DA:20,0
DA:21,0
DA:28,0
DA:29,0
DA:30,0
DA:31,0
DA:32,0
DA:33,0
DA:34,0
DA:42,0
DA:43,0
DA:45,0
DA:46,0
DA:47,0
DA:49,0
DA:50,0
DA:53,0
DA:54,0
DA:55,0
DA:56,0
DA:57,0
DA:59,0
DA:60,0
DA:63,0
DA:64,0
DA:65,0
DA:68,0
DA:76,0
DA:77,0
DA:80,0
DA:81,0
DA:82,0
DA:85,0
DA:86,0
DA:88,0
DA:89,0
DA:90,0
DA:97,0
DA:98,0
DA:99,0
DA:100,0
DA:101,0
DA:103,0
DA:104,0
DA:110,0
DA:111,0
DA:113,0
DA:114,0
DA:117,0
DA:122,0
DA:128,0
DA:132,0
DA:133,0
DA:134,0
DA:136,0
DA:138,0
DA:139,0
DA:140,0
DA:141,0
DA:142,0
DA:144,0
DA:147,0
DA:148,0
DA:149,0
DA:150,0
DA:152,0
DA:160,0
DA:162,0
DA:163,0
DA:169,0
DA:172,0
DA:173,0
DA:174,0
DA:179,0
DA:182,0
DA:183,0
DA:184,0
DA:186,0
DA:187,0
DA:203,0
DA:207,0
DA:213,0
DA:216,0
DA:217,0
DA:218,0
DA:219,0
DA:222,0
DA:228,0
DA:232,0
DA:233,0
DA:264,0
DA:280,0
DA:293,0
DA:300,0
DA:310,0
DA:328,0
DA:337,0
DA:346,0
DA:352,0
DA:360,0
DA:366,0
DA:560,0
DA:576,0
DA:620,0
LF:117
LH:0
BRDA:59,0,0,0
BRDA:59,0,1,0
BRDA:59,1,0,0
BRDA:59,1,1,0
BRDA:64,2,0,0
BRDA:64,2,1,0
BRDA:64,3,0,0
BRDA:64,3,1,0
BRDA:86,4,0,0
BRDA:86,4,1,0
BRDA:97,5,0,0
BRDA:97,5,1,0
BRDA:134,6,0,0
BRDA:134,6,1,0
BRDA:150,7,0,0
BRDA:150,7,1,0
BRDA:153,8,0,0
BRDA:153,8,1,0
BRDA:153,8,2,0
BRDA:154,9,0,0
BRDA:154,9,1,0
BRDA:154,9,2,0
BRDA:155,10,0,0
BRDA:155,10,1,0
BRDA:155,10,2,0
BRDA:156,11,0,0
BRDA:156,11,1,0
BRDA:156,11,2,0
BRDA:157,12,0,0
BRDA:157,12,1,0
BRDA:157,12,2,0
BRDA:173,13,0,0
BRDA:173,13,1,0
BRDA:173,14,0,0
BRDA:173,14,1,0
BRDA:194,15,0,0
BRDA:194,15,1,0
BRDA:218,16,0,0
BRDA:218,16,1,0
BRDA:392,17,0,0
BRDA:392,17,1,0
BRDA:398,18,0,0
BRDA:478,19,0,0
BRDA:488,20,0,0
BRDA:488,20,1,0
BRDA:600,21,0,0
BRDA:600,21,1,0
BRDA:603,22,0,0
BRDA:603,22,1,0
BRDA:618,23,0,0
BRDA:627,24,0,0
BRF:51
BRH:0
end_of_record
TN:
SF:components\dashboard-layout.tsx
FN:15,DashboardLayout
FN:26,(anonymous_2)
FN:35,(anonymous_3)
FNF:3
FNH:0
FNDA:0,DashboardLayout
FNDA:0,(anonymous_2)
FNDA:0,(anonymous_3)
DA:5,0
DA:6,0
DA:7,0
DA:8,0
DA:9,0
DA:15,0
DA:16,0
DA:17,0
DA:26,0
DA:35,0
LF:10
LH:0
BRDA:35,0,0,0
BRDA:35,0,1,0
BRF:2
BRH:0
end_of_record
TN:
SF:components\manual-verification.tsx
FN:17,ManualVerification
FN:29,(anonymous_2)
FNF:2
FNH:0
FNDA:0,ManualVerification
FNDA:0,(anonymous_2)
DA:3,0
DA:4,0
DA:5,0
DA:6,0
DA:7,0
DA:8,0
DA:9,0
DA:10,0
DA:11,0
DA:17,0
DA:18,0
DA:25,0
DA:29,0
DA:30,0
DA:31,0
DA:32,0
DA:33,0
LF:17
LH:0
BRDA:60,0,0,0
BRDA:69,1,0,0
BRF:2
BRH:0
end_of_record
TN:
SF:components\navbar.tsx
FN:20,Navbar
FN:93,(anonymous_3)
FN:126,(anonymous_4)
FN:136,(anonymous_5)
FN:161,(anonymous_6)
FN:172,(anonymous_7)
FN:177,(anonymous_8)
FNF:7
FNH:0
FNDA:0,Navbar
FNDA:0,(anonymous_3)
FNDA:0,(anonymous_4)
FNDA:0,(anonymous_5)
FNDA:0,(anonymous_6)
FNDA:0,(anonymous_7)
FNDA:0,(anonymous_8)
DA:3,0
DA:4,0
DA:5,0
DA:6,0
DA:7,0
DA:8,0
DA:16,0
DA:17,0
DA:18,0
DA:20,0
DA:21,0
DA:22,0
DA:93,0
DA:126,0
DA:136,0
DA:162,0
DA:163,0
DA:172,0
DA:177,0
LF:19
LH:0
BRDA:47,0,0,0
BRDA:63,1,0,0
BRDA:67,2,0,0
BRDA:67,2,1,0
BRDA:132,3,0,0
BRDA:145,4,0,0
BRDA:148,5,0,0
BRDA:148,5,1,0
BRF:8
BRH:0
end_of_record
TN:
SF:components\qr-scanner.tsx
FN:13,QRScanner
FN:23,(anonymous_2)
FN:24,(anonymous_3)
FN:29,(anonymous_4)
FN:32,(anonymous_5)
FN:37,(anonymous_6)
FN:50,(anonymous_7)
FN:54,(anonymous_8)
FN:77,(anonymous_9)
FN:99,(anonymous_10)
FN:101,(anonymous_11)
FN:113,(anonymous_12)
FN:120,(anonymous_13)
FN:196,(anonymous_14)
FN:200,(anonymous_15)
FNF:15
FNH:0
FNDA:0,QRScanner
FNDA:0,(anonymous_2)
FNDA:0,(anonymous_3)
FNDA:0,(anonymous_4)
FNDA:0,(anonymous_5)
FNDA:0,(anonymous_6)
FNDA:0,(anonymous_7)
FNDA:0,(anonymous_8)
FNDA:0,(anonymous_9)
FNDA:0,(anonymous_10)
FNDA:0,(anonymous_11)
FNDA:0,(anonymous_12)
FNDA:0,(anonymous_13)
FNDA:0,(anonymous_14)
FNDA:0,(anonymous_15)
DA:3,0
DA:4,0
DA:5,0
DA:6,0
DA:13,0
DA:14,0
DA:15,0
DA:16,0
DA:17,0
DA:18,0
DA:19,0
DA:20,0
DA:21,0
DA:23,0
DA:24,0
DA:25,0
DA:29,0
DA:30,0
DA:31,0
DA:32,0
DA:33,0
DA:36,0
DA:37,0
DA:40,0
DA:41,0
DA:42,0
DA:43,0
DA:46,0
DA:50,0
DA:51,0
DA:54,0
DA:55,0
DA:56,0
DA:59,0
DA:63,0
DA:65,0
DA:66,0
DA:68,0
DA:69,0
DA:70,0
DA:73,0
DA:77,0
DA:79,0
DA:83,0
DA:84,0
DA:87,0
DA:88,0
DA:89,0
DA:90,0
DA:92,0
DA:94,0
DA:95,0
DA:99,0
DA:100,0
DA:101,0
DA:102,0
DA:105,0
DA:106,0
DA:107,0
DA:110,0
DA:113,0
DA:114,0
DA:115,0
DA:117,0
DA:120,0
DA:121,0
DA:122,0
DA:123,0
DA:196,0
DA:201,0
LF:70
LH:0
BRDA:37,0,0,0
BRDA:37,0,1,0
BRDA:40,1,0,0
BRDA:40,1,1,0
BRDA:42,2,0,0
BRDA:42,2,1,0
BRDA:60,3,0,0
BRDA:60,3,1,0
BRDA:68,4,0,0
BRDA:68,4,1,0
BRDA:87,5,0,0
BRDA:87,5,1,0
BRDA:89,6,0,0
BRDA:89,6,1,0
BRDA:92,7,0,0
BRDA:92,7,1,0
BRDA:100,8,0,0
BRDA:100,8,1,0
BRDA:105,9,0,0
BRDA:105,9,1,0
BRDA:114,10,0,0
BRDA:114,10,1,0
BRDA:135,11,0,0
BRDA:158,12,0,0
BRDA:178,13,0,0
BRDA:191,14,0,0
BRDA:195,15,0,0
BRDA:195,15,1,0
BRDA:197,16,0,0
BRDA:197,16,1,0
BRDA:202,17,0,0
BRDA:202,17,1,0
BRDA:212,18,0,0
BRF:33
BRH:0
end_of_record
TN:
SF:components\sidebar.tsx
FN:53,Sidebar
FN:59,(anonymous_3)
FN:60,(anonymous_4)
FN:67,(anonymous_5)
FN:105,(anonymous_7)
FN:128,(anonymous_8)
FN:135,(anonymous_9)
FNF:7
FNH:0
FNDA:0,Sidebar
FNDA:0,(anonymous_3)
FNDA:0,(anonymous_4)
FNDA:0,(anonymous_5)
FNDA:0,(anonymous_7)
FNDA:0,(anonymous_8)
FNDA:0,(anonymous_9)
DA:3,0
DA:4,0
DA:5,0
DA:6,0
DA:7,0
DA:8,0
DA:9,0
DA:10,0
DA:23,0
DA:31,0
DA:53,0
DA:54,0
DA:55,0
DA:57,0
DA:59,0
DA:60,0
DA:61,0
DA:62,0
DA:66,0
DA:67,0
DA:106,0
DA:107,0
DA:136,0
DA:137,0
LF:24
LH:0
BRDA:57,0,0,0
BRDA:57,0,1,0
BRDA:61,1,0,0
BRDA:61,1,1,0
BRDA:91,2,0,0
BRDA:91,2,1,0
BRDA:114,3,0,0
BRDA:114,3,1,0
BRF:8
BRH:0
end_of_record
TN:
SF:components\signature-management.tsx
FN:45,SignatureManagement
FN:59,(anonymous_3)
FN:71,(anonymous_4)
FN:91,(anonymous_5)
FN:111,(anonymous_6)
FN:119,(anonymous_7)
FN:130,(anonymous_8)
FN:160,(anonymous_9)
FN:164,(anonymous_10)
FN:178,(anonymous_11)
FN:206,(anonymous_12)
FN:208,(anonymous_13)
FN:220,(anonymous_14)
FN:221,(anonymous_15)
FN:229,(anonymous_16)
FN:234,(anonymous_17)
FN:271,(anonymous_18)
FN:281,(anonymous_19)
FN:323,(anonymous_20)
FN:352,(anonymous_21)
FN:383,(anonymous_22)
FN:416,(anonymous_23)
FN:426,(anonymous_24)
FN:435,(anonymous_25)
FN:482,(anonymous_26)
FN:511,(anonymous_27)
FNF:26
FNH:0
FNDA:0,SignatureManagement
FNDA:0,(anonymous_3)
FNDA:0,(anonymous_4)
FNDA:0,(anonymous_5)
FNDA:0,(anonymous_6)
FNDA:0,(anonymous_7)
FNDA:0,(anonymous_8)
FNDA:0,(anonymous_9)
FNDA:0,(anonymous_10)
FNDA:0,(anonymous_11)
FNDA:0,(anonymous_12)
FNDA:0,(anonymous_13)
FNDA:0,(anonymous_14)
FNDA:0,(anonymous_15)
FNDA:0,(anonymous_16)
FNDA:0,(anonymous_17)
FNDA:0,(anonymous_18)
FNDA:0,(anonymous_19)
FNDA:0,(anonymous_20)
FNDA:0,(anonymous_21)
FNDA:0,(anonymous_22)
FNDA:0,(anonymous_23)
FNDA:0,(anonymous_24)
FNDA:0,(anonymous_25)
FNDA:0,(anonymous_26)
FNDA:0,(anonymous_27)
DA:5,0
DA:6,0
DA:7,0
DA:8,0
DA:9,0
DA:10,0
DA:11,0
DA:12,0
DA:13,0
DA:14,0
DA:15,0
DA:26,0
DA:45,0
DA:46,0
DA:47,0
DA:48,0
DA:49,0
DA:50,0
DA:51,0
DA:52,0
DA:53,0
DA:55,0
DA:56,0
DA:57,0
DA:59,0
DA:60,0
DA:61,0
DA:62,0
DA:63,0
DA:64,0
DA:65,0
DA:66,0
DA:71,0
DA:72,0
DA:73,0
DA:75,0
DA:76,0
DA:77,0
DA:79,0
DA:81,0
DA:82,0
DA:84,0
DA:85,0
DA:86,0
DA:88,0
DA:91,0
DA:92,0
DA:94,0
DA:95,0
DA:97,0
DA:98,0
DA:100,0
DA:101,0
DA:103,0
DA:104,0
DA:105,0
DA:107,0
DA:108,0
DA:111,0
DA:112,0
DA:113,0
DA:114,0
DA:116,0
DA:119,0
DA:120,0
DA:121,0
DA:123,0
DA:124,0
DA:126,0
DA:127,0
DA:130,0
DA:131,0
DA:132,0
DA:137,0
DA:140,0
DA:149,0
DA:150,0
DA:151,0
DA:152,0
DA:154,0
DA:160,0
DA:161,0
DA:164,0
DA:165,0
DA:166,0
DA:168,0
DA:169,0
DA:174,0
DA:177,0
DA:178,0
DA:179,0
DA:181,0
DA:190,0
DA:191,0
DA:193,0
DA:199,0
DA:200,0
DA:203,0
DA:206,0
DA:207,0
DA:208,0
DA:214,0
DA:220,0
DA:221,0
DA:222,0
DA:229,0
DA:230,0
DA:231,0
DA:234,0
DA:271,0
DA:281,0
DA:323,0
DA:353,0
DA:354,0
DA:359,0
DA:361,0
DA:384,0
DA:416,0
DA:426,0
DA:435,0
DA:482,0
DA:511,0
LF:122
LH:0
BRDA:60,0,0,0
BRDA:60,0,1,0
BRDA:63,1,0,0
BRDA:63,1,1,0
BRDA:73,2,0,0
BRDA:73,2,1,0
BRDA:77,3,0,0
BRDA:77,3,1,0
BRDA:81,4,0,0
BRDA:81,4,1,0
BRDA:82,5,0,0
BRDA:82,5,1,0
BRDA:92,6,0,0
BRDA:92,6,1,0
BRDA:95,7,0,0
BRDA:95,7,1,0
BRDA:98,8,0,0
BRDA:98,8,1,0
BRDA:100,9,0,0
BRDA:100,9,1,0
BRDA:101,10,0,0
BRDA:101,10,1,0
BRDA:114,11,0,0
BRDA:114,11,1,0
BRDA:121,12,0,0
BRDA:121,12,1,0
BRDA:124,13,0,0
BRDA:124,13,1,0
BRDA:131,14,0,0
BRDA:131,14,1,0
BRDA:131,15,0,0
BRDA:131,15,1,0
BRDA:166,16,0,0
BRDA:166,16,1,0
BRDA:168,17,0,0
BRDA:168,17,1,0
BRDA:199,18,0,0
BRDA:199,18,1,0
BRDA:243,19,0,0
BRDA:353,20,0,0
BRDA:353,20,1,0
BRDA:383,21,0,0
BRDA:394,22,0,0
BRDA:394,22,1,0
BRDA:398,23,0,0
BRDA:405,24,0,0
BRDA:405,24,1,0
BRDA:422,25,0,0
BRDA:462,26,0,0
BRDA:486,27,0,0
BRDA:486,27,1,0
BRF:51
BRH:0
end_of_record
TN:
SF:components\student-dashboard.tsx
FN:19,StudentDashboard
FN:27,(anonymous_6)
FN:33,(anonymous_7)
FN:65,(anonymous_8)
FN:88,(anonymous_9)
FN:99,(anonymous_10)
FN:115,(anonymous_11)
FN:172,(anonymous_12)
FN:224,(anonymous_13)
FN:233,(anonymous_14)
FN:242,(anonymous_15)
FNF:11
FNH:0
FNDA:0,StudentDashboard
FNDA:0,(anonymous_6)
FNDA:0,(anonymous_7)
FNDA:0,(anonymous_8)
FNDA:0,(anonymous_9)
FNDA:0,(anonymous_10)
FNDA:0,(anonymous_11)
FNDA:0,(anonymous_12)
FNDA:0,(anonymous_13)
FNDA:0,(anonymous_14)
FNDA:0,(anonymous_15)
DA:2,0
DA:3,0
DA:4,0
DA:5,0
DA:6,0
DA:7,0
DA:8,0
DA:9,0
DA:10,0
DA:11,0
DA:12,0
DA:13,0
DA:14,0
DA:15,0
DA:16,0
DA:17,0
DA:19,0
DA:20,0
DA:21,0
DA:22,0
DA:23,0
DA:24,0
DA:27,0
DA:28,0
DA:31,0
DA:33,0
DA:34,0
DA:35,0
DA:37,0
DA:38,0
DA:39,0
DA:40,0
DA:41,0
DA:42,0
DA:43,0
DA:46,0
DA:47,0
DA:48,0
DA:49,0
DA:52,0
DA:57,0
DA:65,0
DA:66,0
DA:68,0
DA:70,0
DA:71,0
DA:80,0
DA:82,0
DA:85,0
DA:88,0
DA:89,0
DA:90,0
DA:91,0
DA:92,0
DA:99,0
DA:100,0
DA:101,0
DA:102,0
DA:103,0
DA:104,0
DA:106,0
DA:113,0
DA:115,0
DA:173,0
DA:224,0
DA:233,0
DA:242,0
LF:67
LH:0
BRDA:28,0,0,0
BRDA:28,0,1,0
BRDA:35,1,0,0
BRDA:35,1,1,0
BRDA:89,2,0,0
BRDA:89,2,1,0
BRDA:100,3,0,0
BRDA:100,3,1,0
BRDA:171,4,0,0
BRDA:183,5,0,0
BRDA:183,5,1,0
BRDA:288,6,0,0
BRDA:289,7,0,0
BRDA:289,7,1,0
BRDA:305,8,0,0
BRDA:305,8,1,0
BRDA:322,9,0,0
BRF:17
BRH:0
end_of_record
TN:
SF:components\template-management.tsx
FN:127,TemplateManagement
FN:160,(anonymous_3)
FN:165,(anonymous_4)
FN:170,(anonymous_5)
FN:173,(anonymous_6)
FN:186,(anonymous_7)
FN:187,(anonymous_8)
FN:195,(anonymous_9)
FN:197,(anonymous_10)
FN:208,(anonymous_11)
FN:212,(anonymous_12)
FN:252,(anonymous_13)
FN:277,(anonymous_14)
FN:282,(anonymous_15)
FN:286,(anonymous_16)
FN:293,(anonymous_17)
FN:302,(anonymous_18)
FN:309,(anonymous_19)
FN:316,(anonymous_20)
FN:320,(anonymous_21)
FN:337,(anonymous_22)
FN:341,(anonymous_23)
FN:358,(anonymous_24)
FN:389,(anonymous_25)
FN:422,(anonymous_26)
FN:439,(anonymous_27)
FN:444,(anonymous_28)
FN:455,(anonymous_29)
FN:464,(anonymous_30)
FN:485,(anonymous_31)
FN:491,(anonymous_32)
FN:535,(anonymous_33)
FN:553,(anonymous_34)
FN:580,(anonymous_35)
FN:585,(anonymous_36)
FN:598,(anonymous_37)
FN:603,(anonymous_38)
FN:617,(anonymous_39)
FN:622,(anonymous_40)
FN:632,(anonymous_41)
FN:676,(anonymous_42)
FN:686,(anonymous_43)
FN:690,(anonymous_44)
FN:708,(anonymous_45)
FN:720,(anonymous_46)
FN:774,(anonymous_47)
FN:813,(anonymous_48)
FN:839,(anonymous_49)
FN:844,(anonymous_50)
FN:858,(anonymous_51)
FN:863,(anonymous_52)
FN:878,(anonymous_53)
FN:883,(anonymous_54)
FN:893,(anonymous_55)
FN:936,(anonymous_56)
FN:946,(anonymous_57)
FN:950,(anonymous_58)
FN:965,(anonymous_59)
FN:977,(anonymous_60)
FNF:59
FNH:0
FNDA:0,TemplateManagement
FNDA:0,(anonymous_3)
FNDA:0,(anonymous_4)
FNDA:0,(anonymous_5)
FNDA:0,(anonymous_6)
FNDA:0,(anonymous_7)
FNDA:0,(anonymous_8)
FNDA:0,(anonymous_9)
FNDA:0,(anonymous_10)
FNDA:0,(anonymous_11)
FNDA:0,(anonymous_12)
FNDA:0,(anonymous_13)
FNDA:0,(anonymous_14)
FNDA:0,(anonymous_15)
FNDA:0,(anonymous_16)
FNDA:0,(anonymous_17)
FNDA:0,(anonymous_18)
FNDA:0,(anonymous_19)
FNDA:0,(anonymous_20)
FNDA:0,(anonymous_21)
FNDA:0,(anonymous_22)
FNDA:0,(anonymous_23)
FNDA:0,(anonymous_24)
FNDA:0,(anonymous_25)
FNDA:0,(anonymous_26)
FNDA:0,(anonymous_27)
FNDA:0,(anonymous_28)
FNDA:0,(anonymous_29)
FNDA:0,(anonymous_30)
FNDA:0,(anonymous_31)
FNDA:0,(anonymous_32)
FNDA:0,(anonymous_33)
FNDA:0,(anonymous_34)
FNDA:0,(anonymous_35)
FNDA:0,(anonymous_36)
FNDA:0,(anonymous_37)
FNDA:0,(anonymous_38)
FNDA:0,(anonymous_39)
FNDA:0,(anonymous_40)
FNDA:0,(anonymous_41)
FNDA:0,(anonymous_42)
FNDA:0,(anonymous_43)
FNDA:0,(anonymous_44)
FNDA:0,(anonymous_45)
FNDA:0,(anonymous_46)
FNDA:0,(anonymous_47)
FNDA:0,(anonymous_48)
FNDA:0,(anonymous_49)
FNDA:0,(anonymous_50)
FNDA:0,(anonymous_51)
FNDA:0,(anonymous_52)
FNDA:0,(anonymous_53)
FNDA:0,(anonymous_54)
FNDA:0,(anonymous_55)
FNDA:0,(anonymous_56)
FNDA:0,(anonymous_57)
FNDA:0,(anonymous_58)
FNDA:0,(anonymous_59)
FNDA:0,(anonymous_60)
DA:5,0
DA:6,0
DA:7,0
DA:8,0
DA:9,0
DA:10,0
DA:11,0
DA:12,0
DA:13,0
DA:14,0
DA:15,0
DA:16,0
DA:17,0
DA:18,0
DA:19,0
DA:52,0
DA:127,0
DA:128,0
DA:129,0
DA:130,0
DA:131,0
DA:132,0
DA:133,0
DA:154,0
DA:157,0
DA:158,0
DA:160,0
DA:161,0
DA:162,0
DA:165,0
DA:166,0
DA:167,0
DA:170,0
DA:171,0
DA:172,0
DA:174,0
DA:178,0
DA:182,0
DA:186,0
DA:187,0
DA:188,0
DA:195,0
DA:196,0
DA:197,0
DA:202,0
DA:208,0
DA:209,0
DA:212,0
DA:213,0
DA:214,0
DA:215,0
DA:222,0
DA:223,0
DA:224,0
DA:246,0
DA:252,0
DA:253,0
DA:254,0
DA:277,0
DA:278,0
DA:279,0
DA:282,0
DA:283,0
DA:286,0
DA:287,0
DA:293,0
DA:294,0
DA:295,0
DA:302,0
DA:303,0
DA:304,0
DA:305,0
DA:309,0
DA:310,0
DA:311,0
DA:316,0
DA:317,0
DA:318,0
DA:319,0
DA:320,0
DA:321,0
DA:322,0
DA:327,0
DA:332,0
DA:337,0
DA:338,0
DA:339,0
DA:340,0
DA:341,0
DA:342,0
DA:343,0
DA:348,0
DA:353,0
DA:358,0
DA:359,0
DA:360,0
DA:361,0
DA:390,0
DA:422,0
DA:439,0
DA:444,0
DA:455,0
DA:464,0
DA:485,0
DA:491,0
DA:535,0
DA:554,0
DA:580,0
DA:585,0
DA:598,0
DA:603,0
DA:617,0
DA:622,0
DA:632,0
DA:676,0
DA:687,0
DA:688,0
DA:689,0
DA:690,0
DA:691,0
DA:696,0
DA:708,0
DA:720,0
DA:774,0
DA:813,0
DA:839,0
DA:844,0
DA:858,0
DA:863,0
DA:878,0
DA:883,0
DA:893,0
DA:936,0
DA:947,0
DA:948,0
DA:949,0
DA:950,0
DA:951,0
DA:953,0
DA:965,0
DA:977,0
LF:141
LH:0
BRDA:171,0,0,0
BRDA:171,0,1,0
BRDA:174,1,0,0
BRDA:174,1,1,0
BRDA:199,2,0,0
BRDA:199,2,1,0
BRDA:294,3,0,0
BRDA:294,3,1,0
BRDA:303,4,0,0
BRDA:303,4,1,0
BRDA:310,5,0,0
BRDA:310,5,1,0
BRDA:318,6,0,0
BRDA:318,6,1,0
BRDA:339,7,0,0
BRDA:339,7,1,0
BRDA:339,8,0,0
BRDA:339,8,1,0
BRDA:359,9,0,0
BRDA:359,9,1,0
BRDA:405,10,0,0
BRDA:405,10,1,0
BRDA:405,11,0,0
BRDA:405,11,1,0
BRDA:418,12,0,0
BRDA:418,12,1,0
BRDA:451,13,0,0
BRDA:511,14,0,0
BRDA:656,15,0,0
BRDA:656,15,1,0
BRDA:679,16,0,0
BRDA:679,16,1,0
BRDA:688,17,0,0
BRDA:688,17,1,0
BRDA:741,18,0,0
BRDA:748,19,0,0
BRDA:748,19,1,0
BRDA:917,20,0,0
BRDA:917,20,1,0
BRDA:926,21,0,0
BRDA:926,21,1,0
BRDA:939,22,0,0
BRDA:939,22,1,0
BRDA:948,23,0,0
BRDA:948,23,1,0
BRF:45
BRH:0
end_of_record
TN:
SF:components\theme-provider.tsx
FN:5,ThemeProvider
FNF:1
FNH:0
FNDA:0,ThemeProvider
DA:2,0
DA:5,0
LF:2
LH:0
BRF:0
BRH:0
end_of_record
TN:
SF:components\theme-toggle.tsx
FN:8,ThemeToggle
FN:13,(anonymous_2)
FN:29,(anonymous_3)
FNF:3
FNH:0
FNDA:0,ThemeToggle
FNDA:0,(anonymous_2)
FNDA:0,(anonymous_3)
DA:3,0
DA:4,0
DA:5,0
DA:6,0
DA:8,0
DA:9,0
DA:10,0
DA:13,0
DA:14,0
DA:17,0
DA:29,0
LF:11
LH:0
BRDA:17,0,0,0
BRDA:17,0,1,0
BRDA:29,1,0,0
BRDA:29,1,1,0
BRDA:30,2,0,0
BRDA:30,2,1,0
BRDA:33,3,0,0
BRF:7
BRH:0
end_of_record
TN:
SF:components\verification-result.tsx
FN:18,VerificationResult
FN:22,(anonymous_2)
FN:36,(anonymous_3)
FN:47,(anonymous_4)
FN:201,(anonymous_5)
FN:219,(anonymous_6)
FNF:6
FNH:0
FNDA:0,VerificationResult
FNDA:0,(anonymous_2)
FNDA:0,(anonymous_3)
FNDA:0,(anonymous_4)
FNDA:0,(anonymous_5)
FNDA:0,(anonymous_6)
DA:3,0
DA:4,0
DA:5,0
DA:6,0
DA:7,0
DA:9,0
DA:10,0
DA:11,0
DA:12,0
DA:18,0
DA:19,0
DA:20,0
DA:22,0
DA:23,0
DA:25,0
DA:26,0
DA:27,0
DA:28,0
DA:30,0
DA:32,0
DA:36,0
DA:37,0
DA:40,0
DA:41,0
DA:47,0
DA:50,0
DA:51,0
DA:55,0
DA:77,0
DA:201,0
DA:219,0
LF:31
LH:0
BRDA:23,0,0,0
BRDA:23,0,1,0
BRDA:37,1,0,0
BRDA:37,1,1,0
BRDA:40,2,0,0
BRDA:40,2,1,0
BRDA:55,3,0,0
BRDA:55,3,1,0
BRDA:67,4,0,0
BRDA:67,4,1,0
BRDA:77,5,0,0
BRDA:77,5,1,0
BRDA:159,6,0,0
BRDA:159,6,1,0
BRDA:168,7,0,0
BRDA:168,7,1,0
BRDA:170,8,0,0
BRDA:170,8,1,0
BRDA:191,9,0,0
BRDA:191,9,1,0
BRDA:206,10,0,0
BRDA:237,11,0,0
BRDA:239,12,0,0
BRDA:239,12,1,0
BRF:24
BRH:0
end_of_record
TN:
SF:components\dashboards\admin-dashboard.tsx
FN:71,AdminDashboard
FN:162,(anonymous_2)
FN:203,(anonymous_3)
FN:250,(anonymous_4)
FN:270,(anonymous_5)
FN:274,(anonymous_6)
FNF:6
FNH:0
FNDA:0,AdminDashboard
FNDA:0,(anonymous_2)
FNDA:0,(anonymous_3)
FNDA:0,(anonymous_4)
FNDA:0,(anonymous_5)
FNDA:0,(anonymous_6)
DA:3,0
DA:4,0
DA:5,0
DA:6,0
DA:7,0
DA:8,0
DA:9,0
DA:10,0
DA:11,0
DA:14,0
DA:21,0
DA:30,0
DA:54,0
DA:71,0
DA:72,0
DA:163,0
DA:204,0
DA:250,0
DA:271,0
DA:275,0
LF:20
LH:0
BRDA:271,0,0,0
BRDA:271,0,1,0
BRF:2
BRH:0
end_of_record
TN:
SF:components\dashboards\staff-dashboard.tsx
FN:44,StaffDashboard
FN:57,(anonymous_2)
FN:63,(anonymous_3)
FN:91,(anonymous_4)
FN:92,(anonymous_5)
FN:158,(anonymous_6)
FN:169,(anonymous_7)
FN:177,(anonymous_8)
FN:182,(anonymous_9)
FN:194,(anonymous_10)
FN:199,(anonymous_11)
FN:213,(anonymous_12)
FN:225,(anonymous_13)
FN:236,(anonymous_14)
FN:263,(anonymous_15)
FNF:15
FNH:0
FNDA:0,StaffDashboard
FNDA:0,(anonymous_2)
FNDA:0,(anonymous_3)
FNDA:0,(anonymous_4)
FNDA:0,(anonymous_5)
FNDA:0,(anonymous_6)
FNDA:0,(anonymous_7)
FNDA:0,(anonymous_8)
FNDA:0,(anonymous_9)
FNDA:0,(anonymous_10)
FNDA:0,(anonymous_11)
FNDA:0,(anonymous_12)
FNDA:0,(anonymous_13)
FNDA:0,(anonymous_14)
FNDA:0,(anonymous_15)
DA:5,0
DA:6,0
DA:7,0
DA:8,0
DA:9,0
DA:10,0
DA:11,0
DA:12,0
DA:13,0
DA:14,0
DA:17,0
DA:34,0
DA:42,0
DA:44,0
DA:45,0
DA:54,0
DA:55,0
DA:57,0
DA:58,0
DA:59,0
DA:61,0
DA:63,0
DA:65,0
DA:71,0
DA:81,0
DA:87,0
DA:91,0
DA:92,0
DA:158,0
DA:169,0
DA:177,0
DA:183,0
DA:194,0
DA:200,0
DA:213,0
DA:225,0
DA:236,0
DA:264,0
LF:38
LH:0
BRDA:246,0,0,0
BRDA:246,0,1,0
BRF:2
BRH:0
end_of_record
TN:
SF:components\dashboards\student-dashboard.tsx
FN:36,StudentDashboard
FN:41,(anonymous_2)
FN:45,(anonymous_3)
FN:62,(anonymous_4)
FN:77,(anonymous_5)
FN:134,(anonymous_6)
FN:188,(anonymous_7)
FN:195,(anonymous_8)
FNF:8
FNH:0
FNDA:0,StudentDashboard
FNDA:0,(anonymous_2)
FNDA:0,(anonymous_3)
FNDA:0,(anonymous_4)
FNDA:0,(anonymous_5)
FNDA:0,(anonymous_6)
FNDA:0,(anonymous_7)
FNDA:0,(anonymous_8)
DA:3,0
DA:4,0
DA:5,0
DA:6,0
DA:7,0
DA:8,0
DA:9,0
DA:10,0
DA:13,0
DA:36,0
DA:37,0
DA:38,0
DA:39,0
DA:41,0
DA:42,0
DA:43,0
DA:45,0
DA:47,0
DA:52,0
DA:58,0
DA:62,0
DA:64,0
DA:67,0
DA:69,0
DA:75,0
DA:77,0
DA:135,0
DA:188,0
DA:195,0
LF:29
LH:0
BRDA:133,0,0,0
BRDA:193,1,0,0
BRDA:193,1,1,0
BRF:3
BRH:0
end_of_record
TN:
SF:components\ui\accordion.tsx
FNF:0
FNH:0
DA:3,0
DA:4,0
DA:5,0
DA:7,0
DA:9,0
DA:21,0
DA:41,0
DA:56,0
DA:58,0
LF:9
LH:0
BRF:0
BRH:0
end_of_record
TN:
SF:components\ui\alert-dialog.tsx
FNF:0
FNH:0
DA:3,0
DA:4,0
DA:6,0
DA:7,0
DA:9,0
DA:11,0
DA:13,0
DA:28,0
DA:46,0
DA:60,0
DA:74,0
DA:86,0
DA:98,0
DA:111,0
DA:127,0
DA:130,0
DA:131,0
DA:132,0
DA:133,0
DA:134,0
DA:135,0
DA:136,0
DA:137,0
DA:138,0
DA:139,0
DA:140,0
LF:26
LH:0
BRF:0
BRH:0
end_of_record
TN:
SF:components\ui\alert.tsx
FNF:0
FNH:0
DA:1,0
DA:2,0
DA:4,0
DA:6,0
DA:33,0
DA:45,0
DA:57,0
DA:59,0
LF:8
LH:0
BRF:0
BRH:0
end_of_record
TN:
SF:components\ui\aspect-ratio.tsx
FNF:0
FNH:0
DA:3,0
DA:5,0
DA:7,0
LF:3
LH:0
BRF:0
BRH:0
end_of_record
TN:
SF:components\ui\avatar.tsx
FNF:0
FNH:0
DA:3,0
DA:4,0
DA:6,0
DA:21,0
DA:33,0
DA:48,0
DA:50,0
LF:7
LH:0
BRF:0
BRH:0
end_of_record
TN:
SF:components\ui\badge.tsx
FN:30,Badge
FNF:1
FNH:0
FNDA:0,Badge
DA:1,0
DA:2,0
DA:4,0
DA:6,0
DA:36,0
LF:5
LH:0
BRF:0
BRH:0
end_of_record
TN:
SF:components\ui\breadcrumb.tsx
FN:47,(anonymous_14)
FNF:1
FNH:0
FNDA:0,(anonymous_14)
DA:1,0
DA:2,0
DA:3,0
DA:5,0
DA:13,0
DA:28,0
DA:40,0
DA:42,0
DA:48,0
DA:58,0
DA:73,0
DA:89,0
DA:105,0
DA:108,0
DA:109,0
DA:110,0
DA:111,0
DA:112,0
DA:113,0
DA:114,0
LF:20
LH:0
BRDA:48,0,0,0
BRDA:48,0,1,0
BRDA:86,1,0,0
BRDA:86,1,1,0
BRF:4
BRH:0
end_of_record
TN:
SF:components\ui\button.tsx
FN:43,(anonymous_6)
FNF:1
FNH:0
FNDA:0,(anonymous_6)
DA:1,0
DA:2,0
DA:3,0
DA:5,0
DA:7,0
DA:42,0
DA:44,0
DA:54,0
DA:56,0
LF:9
LH:0
BRDA:43,0,0,0
BRDA:44,1,0,0
BRDA:44,1,1,0
BRF:3
BRH:0
end_of_record
TN:
SF:components\ui\calendar.tsx
FN:12,Calendar
FNF:1
FNH:0
FNDA:0,Calendar
DA:3,0
DA:4,0
DA:5,0
DA:7,0
DA:8,0
DA:64,0
DA:66,0
LF:7
LH:0
BRDA:15,0,0,0
BRF:1
BRH:0
end_of_record
TN:
SF:components\ui\card.tsx
FNF:0
FNH:0
DA:1,0
DA:3,0
DA:18,0
DA:30,0
DA:45,0
DA:57,0
DA:65,0
DA:77,0
DA:79,0
LF:9
LH:0
BRF:0
BRH:0
end_of_record
TN:
SF:components\ui\carousel.tsx
FN:35,useCarousel
FN:49,(anonymous_11)
FN:71,(anonymous_12)
FN:80,(anonymous_13)
FN:84,(anonymous_14)
FN:89,(anonymous_15)
FN:101,(anonymous_16)
FN:109,(anonymous_17)
FN:118,(anonymous_18)
FN:156,(anonymous_19)
FN:178,(anonymous_20)
FN:200,(anonymous_21)
FN:229,(anonymous_22)
FNF:13
FNH:0
FNDA:0,useCarousel
FNDA:0,(anonymous_11)
FNDA:0,(anonymous_12)
FNDA:0,(anonymous_13)
FNDA:0,(anonymous_14)
FNDA:0,(anonymous_15)
FNDA:0,(anonymous_16)
FNDA:0,(anonymous_17)
FNDA:0,(anonymous_18)
FNDA:0,(anonymous_19)
FNDA:0,(anonymous_20)
FNDA:0,(anonymous_21)
FNDA:0,(anonymous_22)
DA:3,0
DA:6,0
DA:7,0
DA:9,0
DA:10,0
DA:33,0
DA:36,0
DA:38,0
DA:39,0
DA:42,0
DA:45,0
DA:61,0
DA:68,0
DA:69,0
DA:71,0
DA:72,0
DA:73,0
DA:76,0
DA:77,0
DA:80,0
DA:81,0
DA:84,0
DA:85,0
DA:88,0
DA:90,0
DA:91,0
DA:92,0
DA:93,0
DA:94,0
DA:95,0
DA:101,0
DA:102,0
DA:103,0
DA:106,0
DA:109,0
DA:110,0
DA:111,0
DA:114,0
DA:115,0
DA:116,0
DA:118,0
DA:119,0
DA:151,0
DA:153,0
DA:157,0
DA:173,0
DA:175,0
DA:179,0
DA:195,0
DA:197,0
DA:201,0
DA:224,0
DA:226,0
DA:230,0
DA:253,0
DA:257,0
DA:258,0
DA:259,0
DA:260,0
DA:261,0
LF:60
LH:0
BRDA:38,0,0,0
BRDA:38,0,1,0
BRDA:51,1,0,0
BRDA:64,2,0,0
BRDA:64,2,1,0
BRDA:72,3,0,0
BRDA:72,3,1,0
BRDA:90,4,0,0
BRDA:90,4,1,0
BRDA:93,5,0,0
BRDA:93,5,1,0
BRDA:102,6,0,0
BRDA:102,6,1,0
BRDA:102,7,0,0
BRDA:102,7,1,0
BRDA:110,8,0,0
BRDA:110,8,1,0
BRDA:130,9,0,0
BRDA:130,9,1,0
BRDA:130,10,0,0
BRDA:130,10,1,0
BRDA:165,11,0,0
BRDA:165,11,1,0
BRDA:188,12,0,0
BRDA:188,12,1,0
BRDA:200,13,0,0
BRDA:200,14,0,0
BRDA:210,15,0,0
BRDA:210,15,1,0
BRDA:229,16,0,0
BRDA:229,17,0,0
BRDA:239,18,0,0
BRDA:239,18,1,0
BRF:33
BRH:0
end_of_record
TN:
SF:components\ui\chart.tsx
FN:27,useChart
FN:45,(anonymous_11)
FN:70,(anonymous_12)
FN:72,(anonymous_13)
FN:84,(anonymous_14)
FN:87,(anonymous_15)
FN:116,(anonymous_16)
FN:136,(anonymous_17)
FN:188,(anonymous_18)
FN:269,(anonymous_19)
FN:288,(anonymous_20)
FN:320,getPayloadConfigFromPayload
FNF:12
FNH:0
FNDA:0,useChart
FNDA:0,(anonymous_11)
FNDA:0,(anonymous_12)
FNDA:0,(anonymous_13)
FNDA:0,(anonymous_14)
FNDA:0,(anonymous_15)
FNDA:0,(anonymous_16)
FNDA:0,(anonymous_17)
FNDA:0,(anonymous_18)
FNDA:0,(anonymous_19)
FNDA:0,(anonymous_20)
FNDA:0,getPayloadConfigFromPayload
DA:3,0
DA:4,0
DA:6,0
DA:9,0
DA:25,0
DA:28,0
DA:30,0
DA:31,0
DA:34,0
DA:37,0
DA:46,0
DA:47,0
DA:68,0
DA:70,0
DA:71,0
DA:72,0
DA:75,0
DA:76,0
DA:84,0
DA:89,0
DA:91,0
DA:103,0
DA:105,0
DA:134,0
DA:136,0
DA:137,0
DA:138,0
DA:141,0
DA:142,0
DA:143,0
DA:145,0
DA:149,0
DA:157,0
DA:158,0
DA:172,0
DA:173,0
DA:176,0
DA:189,0
DA:190,0
DA:191,0
DA:193,0
DA:257,0
DA:259,0
DA:261,0
DA:273,0
DA:275,0
DA:276,0
DA:289,0
DA:290,0
DA:292,0
DA:317,0
DA:325,0
DA:326,0
DA:330,0
DA:336,0
DA:338,0
DA:342,0
DA:343,0
DA:348,0
DA:353,0
DA:359,0
DA:360,0
DA:361,0
DA:362,0
DA:363,0
DA:364,0
LF:66
LH:0
BRDA:30,0,0,0
BRDA:30,0,1,0
BRDA:47,1,0,0
BRDA:47,1,1,0
BRDA:72,2,0,0
BRDA:72,2,1,0
BRDA:75,3,0,0
BRDA:75,3,1,0
BRDA:89,4,0,0
BRDA:89,4,1,0
BRDA:91,5,0,0
BRDA:91,5,1,0
BRDA:121,6,0,0
BRDA:122,7,0,0
BRDA:123,8,0,0
BRDA:137,9,0,0
BRDA:137,9,1,0
BRDA:137,10,0,0
BRDA:137,10,1,0
BRDA:142,11,0,0
BRDA:142,11,1,0
BRDA:142,11,2,0
BRDA:142,11,3,0
BRDA:145,12,0,0
BRDA:145,12,1,0
BRDA:145,13,0,0
BRDA:145,13,1,0
BRDA:146,14,0,0
BRDA:146,14,1,0
BRDA:149,15,0,0
BRDA:149,15,1,0
BRDA:157,16,0,0
BRDA:157,16,1,0
BRDA:172,17,0,0
BRDA:172,17,1,0
BRDA:172,18,0,0
BRDA:172,18,1,0
BRDA:176,19,0,0
BRDA:176,19,1,0
BRDA:186,20,0,0
BRDA:186,20,1,0
BRDA:189,21,0,0
BRDA:189,21,1,0
BRDA:189,21,2,0
BRDA:189,21,3,0
BRDA:191,22,0,0
BRDA:191,22,1,0
BRDA:191,22,2,0
BRDA:198,23,0,0
BRDA:198,23,1,0
BRDA:202,24,0,0
BRDA:201,25,0,0
BRDA:201,25,1,0
BRDA:201,25,2,0
BRDA:206,26,0,0
BRDA:208,27,0,0
BRDA:217,28,0,0
BRDA:217,28,1,0
BRDA:232,29,0,0
BRDA:232,29,1,0
BRDA:236,30,0,0
BRDA:236,30,1,0
BRDA:238,31,0,0
BRDA:238,31,1,0
BRDA:241,32,0,0
BRDA:270,33,0,0
BRDA:270,34,0,0
BRDA:275,35,0,0
BRDA:275,35,1,0
BRDA:284,36,0,0
BRDA:284,36,1,0
BRDA:289,37,0,0
BRDA:289,37,1,0
BRDA:289,37,2,0
BRDA:300,38,0,0
BRDA:299,39,0,0
BRDA:299,39,1,0
BRDA:325,40,0,0
BRDA:325,40,1,0
BRDA:325,41,0,0
BRDA:325,41,1,0
BRDA:330,42,0,0
BRDA:330,42,1,0
BRDA:330,43,0,0
BRDA:330,43,1,0
BRDA:330,43,2,0
BRDA:338,44,0,0
BRDA:338,44,1,0
BRDA:339,45,0,0
BRDA:339,45,1,0
BRDA:343,46,0,0
BRDA:343,46,1,0
BRDA:344,47,0,0
BRDA:344,47,1,0
BRDA:344,47,2,0
BRDA:353,48,0,0
BRDA:353,48,1,0
BRF:97
BRH:0
end_of_record
TN:
SF:components\ui\checkbox.tsx
FNF:0
FNH:0
DA:3,0
DA:4,0
DA:5,0
DA:7,0
DA:28,0
DA:30,0
LF:6
LH:0
BRF:0
BRH:0
end_of_record
TN:
SF:components\ui\collapsible.tsx
FNF:0
FNH:0
DA:3,0
DA:5,0
DA:7,0
DA:9,0
DA:11,0
LF:5
LH:0
BRF:0
BRH:0
end_of_record
TN:
SF:components\ui\command.tsx
FN:26,(anonymous_14)
FN:127,(anonymous_21)
FNF:2
FNH:0
FNDA:0,(anonymous_14)
FNDA:0,(anonymous_21)
DA:3,0
DA:5,0
DA:6,0
DA:8,0
DA:9,0
DA:24,0
DA:26,0
DA:55,0
DA:68,0
DA:81,0
DA:97,0
DA:109,0
DA:125,0
DA:127,0
DA:141,0
DA:144,0
DA:145,0
DA:146,0
DA:147,0
DA:148,0
DA:149,0
DA:150,0
DA:151,0
DA:152,0
LF:24
LH:0
BRF:0
BRH:0
end_of_record
TN:
SF:components\ui\context-menu.tsx
FN:168,(anonymous_27)
FNF:1
FNH:0
FNDA:0,(anonymous_27)
DA:3,0
DA:4,0
DA:5,0
DA:7,0
DA:9,0
DA:11,0
DA:13,0
DA:15,0
DA:17,0
DA:19,0
DA:40,0
DA:55,0
DA:72,0
DA:90,0
DA:113,0
DA:136,0
DA:154,0
DA:166,0
DA:168,0
DA:182,0
DA:185,0
DA:186,0
DA:187,0
DA:188,0
DA:189,0
DA:190,0
DA:191,0
DA:192,0
DA:193,0
DA:194,0
DA:195,0
DA:196,0
DA:197,0
DA:198,0
DA:199,0
LF:35
LH:0
BRDA:31,0,0,0
BRDA:31,0,1,0
BRDA:84,1,0,0
BRDA:84,1,1,0
BRDA:148,2,0,0
BRDA:148,2,1,0
BRF:6
BRH:0
end_of_record
TN:
SF:components\ui\dialog.tsx
FNF:0
FNH:0
DA:3,0
DA:4,0
DA:5,0
DA:7,0
DA:9,0
DA:11,0
DA:13,0
DA:15,0
DA:30,0
DA:54,0
DA:68,0
DA:82,0
DA:97,0
DA:109,0
DA:112,0
DA:113,0
DA:114,0
DA:115,0
DA:116,0
DA:117,0
DA:118,0
DA:119,0
DA:120,0
DA:121,0
LF:24
LH:0
BRF:0
BRH:0
end_of_record
TN:
SF:components\ui\drawer.tsx
FNF:0
FNH:0
DA:3,0
DA:4,0
DA:6,0
DA:17,0
DA:19,0
DA:21,0
DA:23,0
DA:35,0
DA:56,0
DA:67,0
DA:78,0
DA:93,0
DA:105,0
DA:108,0
DA:109,0
DA:110,0
DA:111,0
DA:112,0
DA:113,0
DA:114,0
DA:115,0
DA:116,0
DA:117,0
LF:23
LH:0
BRDA:9,0,0,0
BRF:1
BRH:0
end_of_record
TN:
SF:components\ui\dropdown-menu.tsx
FN:171,(anonymous_27)
FNF:1
FNH:0
FNDA:0,(anonymous_27)
DA:3,0
DA:4,0
DA:5,0
DA:7,0
DA:9,0
DA:11,0
DA:13,0
DA:15,0
DA:17,0
DA:19,0
DA:40,0
DA:56,0
DA:75,0
DA:93,0
DA:116,0
DA:139,0
DA:157,0
DA:169,0
DA:171,0
DA:182,0
DA:185,0
DA:186,0
DA:187,0
DA:188,0
DA:189,0
DA:190,0
DA:191,0
DA:192,0
DA:193,0
DA:194,0
DA:195,0
DA:196,0
DA:197,0
DA:198,0
DA:199,0
LF:35
LH:0
BRDA:31,0,0,0
BRDA:31,0,1,0
BRDA:62,1,0,0
BRDA:87,2,0,0
BRDA:87,2,1,0
BRDA:151,3,0,0
BRDA:151,3,1,0
BRF:7
BRH:0
end_of_record
TN:
SF:components\ui\form.tsx
FN:31,(anonymous_12)
FN:44,(anonymous_13)
FN:78,(anonymous_14)
FN:92,(anonymous_15)
FN:109,(anonymous_16)
FN:131,(anonymous_17)
FN:148,(anonymous_18)
FNF:7
FNH:0
FNDA:0,(anonymous_12)
FNDA:0,(anonymous_13)
FNDA:0,(anonymous_14)
FNDA:0,(anonymous_15)
FNDA:0,(anonymous_16)
FNDA:0,(anonymous_17)
FNDA:0,(anonymous_18)
DA:3,0
DA:5,0
DA:13,0
DA:15,0
DA:16,0
DA:18,0
DA:27,0
DA:31,0
DA:44,0
DA:45,0
DA:46,0
DA:47,0
DA:49,0
DA:51,0
DA:52,0
DA:55,0
DA:57,0
DA:71,0
DA:75,0
DA:79,0
DA:87,0
DA:89,0
DA:93,0
DA:104,0
DA:106,0
DA:110,0
DA:126,0
DA:128,0
DA:132,0
DA:143,0
DA:145,0
DA:149,0
DA:150,0
DA:152,0
DA:153,0
DA:167,0
DA:170,0
DA:171,0
DA:172,0
DA:173,0
DA:174,0
DA:175,0
DA:176,0
DA:177,0
LF:44
LH:0
BRDA:51,0,0,0
BRDA:51,0,1,0
BRDA:98,1,0,0
BRDA:98,1,1,0
BRDA:117,2,0,0
BRDA:117,2,1,0
BRDA:150,3,0,0
BRDA:150,3,1,0
BRDA:152,4,0,0
BRDA:152,4,1,0
BRF:10
BRH:0
end_of_record
TN:
SF:components\ui\hover-card.tsx
FNF:0
FNH:0
DA:3,0
DA:4,0
DA:6,0
DA:8,0
DA:10,0
DA:27,0
DA:29,0
LF:7
LH:0
BRDA:15,0,0,0
BRDA:15,1,0,0
BRF:2
BRH:0
end_of_record
TN:
SF:components\ui\input-otp.tsx
FN:36,(anonymous_10)
FNF:1
FNH:0
FNDA:0,(anonymous_10)
DA:3,0
DA:4,0
DA:5,0
DA:7,0
DA:23,0
DA:31,0
DA:33,0
DA:37,0
DA:38,0
DA:59,0
DA:69,0
DA:71,0
LF:12
LH:0
BRDA:45,0,0,0
BRDA:45,0,1,0
BRDA:51,1,0,0
BRF:3
BRH:0
end_of_record
TN:
SF:components\ui\input.tsx
FN:6,(anonymous_4)
FNF:1
FNH:0
FNDA:0,(anonymous_4)
DA:1,0
DA:3,0
DA:5,0
DA:20,0
DA:22,0
LF:5
LH:0
BRF:0
BRH:0
end_of_record
TN:
SF:components\ui\label.tsx
FNF:0
FNH:0
DA:3,0
DA:4,0
DA:5,0
DA:7,0
DA:9,0
DA:24,0
DA:26,0
LF:7
LH:0
BRF:0
BRH:0
end_of_record
TN:
SF:components\ui\menubar.tsx
FN:203,(anonymous_30)
FNF:1
FNH:0
FNDA:0,(anonymous_30)
DA:3,0
DA:4,0
DA:5,0
DA:7,0
DA:9,0
DA:11,0
DA:13,0
DA:15,0
DA:17,0
DA:32,0
DA:47,0
DA:68,0
DA:83,0
DA:108,0
DA:126,0
DA:149,0
DA:171,0
DA:189,0
DA:201,0
DA:203,0
DA:217,0
DA:220,0
DA:221,0
DA:222,0
DA:223,0
DA:224,0
DA:225,0
DA:226,0
DA:227,0
DA:228,0
DA:229,0
DA:230,0
DA:231,0
DA:232,0
DA:233,0
DA:234,0
DA:235,0
LF:37
LH:0
BRDA:59,0,0,0
BRDA:59,0,1,0
BRDA:90,1,0,0
BRDA:90,2,0,0
BRDA:90,3,0,0
BRDA:120,4,0,0
BRDA:120,4,1,0
BRDA:183,5,0,0
BRDA:183,5,1,0
BRF:9
BRH:0
end_of_record
TN:
SF:components\ui\navigation-menu.tsx
FNF:0
FNH:0
DA:1,0
DA:2,0
DA:3,0
DA:4,0
DA:6,0
DA:24,0
DA:39,0
DA:41,0
DA:43,0
DA:63,0
DA:78,0
DA:80,0
DA:97,0
DA:115,0
DA:119,0
DA:120,0
DA:121,0
DA:122,0
DA:123,0
DA:124,0
DA:125,0
DA:126,0
DA:127,0
LF:23
LH:0
BRF:0
BRH:0
end_of_record
TN:
SF:components\ui\pagination.tsx
FNF:0
FNH:0
DA:1,0
DA:2,0
DA:4,0
DA:5,0
DA:15,0
DA:27,0
DA:35,0
DA:60,0
DA:76,0
DA:92,0
DA:107,0
DA:110,0
DA:111,0
DA:112,0
DA:113,0
DA:114,0
DA:115,0
DA:116,0
LF:18
LH:0
BRDA:45,0,0,0
BRDA:49,1,0,0
BRDA:49,1,1,0
BRDA:52,2,0,0
BRDA:52,2,1,0
BRF:5
BRH:0
end_of_record
TN:
SF:components\ui\popover.tsx
FNF:0
FNH:0
DA:3,0
DA:4,0
DA:6,0
DA:8,0
DA:10,0
DA:29,0
DA:31,0
LF:7
LH:0
BRDA:15,0,0,0
BRDA:15,1,0,0
BRF:2
BRH:0
end_of_record
TN:
SF:components\ui\progress.tsx
FNF:0
FNH:0
DA:3,0
DA:4,0
DA:6,0
DA:26,0
DA:28,0
LF:5
LH:0
BRDA:22,0,0,0
BRDA:22,0,1,0
BRF:2
BRH:0
end_of_record
TN:
SF:components\ui\radio-group.tsx
FN:12,(anonymous_6)
FN:26,(anonymous_7)
FNF:2
FNH:0
FNDA:0,(anonymous_6)
FNDA:0,(anonymous_7)
DA:3,0
DA:4,0
DA:5,0
DA:7,0
DA:9,0
DA:21,0
DA:23,0
DA:42,0
DA:44,0
LF:9
LH:0
BRF:0
BRH:0
end_of_record
TN:
SF:components\ui\resizable.tsx
FNF:0
FNH:0
DA:3,0
DA:4,0
DA:6,0
DA:21,0
DA:45,0
LF:5
LH:0
BRDA:37,0,0,0
BRF:1
BRH:0
end_of_record
TN:
SF:components\ui\scroll-area.tsx
FNF:0
FNH:0
DA:3,0
DA:4,0
DA:6,0
DA:24,0
DA:46,0
DA:48,0
LF:6
LH:0
BRDA:29,0,0,0
BRDA:35,1,0,0
BRDA:35,1,1,0
BRDA:37,2,0,0
BRDA:37,2,1,0
BRF:5
BRH:0
end_of_record
TN:
SF:components\ui\select.tsx
FNF:0
FNH:0
DA:3,0
DA:4,0
DA:5,0
DA:7,0
DA:9,0
DA:11,0
DA:13,0
DA:33,0
DA:50,0
DA:67,0
DA:100,0
DA:112,0
DA:135,0
DA:147,0
DA:150,0
DA:151,0
DA:152,0
DA:153,0
DA:154,0
DA:155,0
DA:156,0
DA:157,0
DA:158,0
DA:159,0
LF:24
LH:0
BRDA:73,0,0,0
BRDA:79,1,0,0
BRDA:79,1,1,0
BRDA:90,2,0,0
BRDA:90,2,1,0
BRF:5
BRH:0
end_of_record
TN:
SF:components\ui\separator.tsx
FNF:0
FNH:0
DA:3,0
DA:4,0
DA:6,0
DA:29,0
DA:31,0
LF:5
LH:0
BRDA:13,0,0,0
BRDA:13,1,0,0
BRDA:22,2,0,0
BRDA:22,2,1,0
BRF:4
BRH:0
end_of_record
TN:
SF:components\ui\sheet.tsx
FNF:0
FNH:0
DA:3,0
DA:4,0
DA:5,0
DA:6,0
DA:8,0
DA:10,0
DA:12,0
DA:14,0
DA:16,0
DA:31,0
DA:33,0
DA:75,0
DA:89,0
DA:103,0
DA:115,0
DA:127,0
DA:130,0
DA:131,0
DA:132,0
DA:133,0
DA:134,0
DA:135,0
DA:136,0
DA:137,0
DA:138,0
DA:139,0
LF:26
LH:0
BRDA:59,0,0,0
BRF:1
BRH:0
end_of_record
TN:
SF:components\ui\sidebar.tsx
FN:41,useSidebar
FN:58,(anonymous_29)
FN:78,(anonymous_30)
FN:93,(anonymous_31)
FN:95,(anonymous_32)
FN:96,(anonymous_33)
FN:100,(anonymous_34)
FN:101,(anonymous_35)
FN:112,(anonymous_36)
FN:120,(anonymous_37)
FN:167,(anonymous_38)
FN:265,(anonymous_39)
FN:275,(anonymous_40)
FN:291,(anonymous_41)
FN:320,(anonymous_42)
FN:338,(anonymous_43)
FN:356,(anonymous_44)
FN:371,(anonymous_45)
FN:386,(anonymous_46)
FN:401,(anonymous_47)
FN:419,(anonymous_48)
FN:434,(anonymous_49)
FN:455,(anonymous_50)
FN:544,(anonymous_54)
FN:601,(anonymous_55)
FN:652,(anonymous_57)
FN:654,(anonymous_58)
FN:715,(anonymous_61)
FNF:28
FNH:0
FNDA:0,useSidebar
FNDA:0,(anonymous_29)
FNDA:0,(anonymous_30)
FNDA:0,(anonymous_31)
FNDA:0,(anonymous_32)
FNDA:0,(anonymous_33)
FNDA:0,(anonymous_34)
FNDA:0,(anonymous_35)
FNDA:0,(anonymous_36)
FNDA:0,(anonymous_37)
FNDA:0,(anonymous_38)
FNDA:0,(anonymous_39)
FNDA:0,(anonymous_40)
FNDA:0,(anonymous_41)
FNDA:0,(anonymous_42)
FNDA:0,(anonymous_43)
FNDA:0,(anonymous_44)
FNDA:0,(anonymous_45)
FNDA:0,(anonymous_46)
FNDA:0,(anonymous_47)
FNDA:0,(anonymous_48)
FNDA:0,(anonymous_49)
FNDA:0,(anonymous_50)
FNDA:0,(anonymous_54)
FNDA:0,(anonymous_55)
FNDA:0,(anonymous_57)
FNDA:0,(anonymous_58)
FNDA:0,(anonymous_61)
DA:3,0
DA:4,0
DA:5,0
DA:6,0
DA:8,0
DA:9,0
DA:10,0
DA:11,0
DA:12,0
DA:13,0
DA:14,0
DA:20,0
DA:22,0
DA:23,0
DA:24,0
DA:25,0
DA:26,0
DA:27,0
DA:39,0
DA:42,0
DA:43,0
DA:44,0
DA:47,0
DA:50,0
DA:70,0
DA:71,0
DA:75,0
DA:76,0
DA:77,0
DA:79,0
DA:80,0
DA:81,0
DA:83,0
DA:87,0
DA:93,0
DA:94,0
DA:95,0
DA:96,0
DA:100,0
DA:101,0
DA:102,0
DA:106,0
DA:107,0
DA:111,0
DA:112,0
DA:117,0
DA:119,0
DA:120,0
DA:157,0
DA:159,0
DA:178,0
DA:180,0
DA:195,0
DA:260,0
DA:262,0
DA:266,0
DA:276,0
DA:277,0
DA:286,0
DA:288,0
DA:292,0
DA:315,0
DA:317,0
DA:333,0
DA:335,0
DA:351,0
DA:353,0
DA:366,0
DA:368,0
DA:381,0
DA:383,0
DA:396,0
DA:398,0
DA:414,0
DA:416,0
DA:429,0
DA:431,0
DA:435,0
DA:450,0
DA:452,0
DA:456,0
DA:473,0
DA:486,0
DA:499,0
DA:512,0
DA:514,0
DA:536,0
DA:556,0
DA:557,0
DA:570,0
DA:571,0
DA:574,0
DA:575,0
DA:593,0
DA:595,0
DA:602,0
DA:624,0
DA:645,0
DA:647,0
DA:654,0
DA:655,0
DA:683,0
DA:700,0
DA:706,0
DA:708,0
DA:716,0
DA:736,0
DA:739,0
DA:740,0
DA:741,0
DA:742,0
DA:743,0
DA:744,0
DA:745,0
DA:746,0
DA:747,0
DA:748,0
DA:749,0
DA:750,0
DA:751,0
DA:752,0
DA:753,0
DA:754,0
DA:755,0
DA:756,0
DA:757,0
DA:758,0
DA:759,0
DA:760,0
DA:761,0
DA:762,0
LF:131
LH:0
BRDA:43,0,0,0
BRDA:43,0,1,0
BRDA:60,1,0,0
BRDA:76,2,0,0
BRDA:76,2,1,0
BRDA:79,3,0,0
BRDA:79,3,1,0
BRDA:80,4,0,0
BRDA:80,4,1,0
BRDA:94,5,0,0
BRDA:94,5,1,0
BRDA:102,6,0,0
BRDA:102,6,1,0
BRDA:103,7,0,0
BRDA:103,7,1,0
BRDA:103,7,2,0
BRDA:117,8,0,0
BRDA:117,8,1,0
BRDA:169,9,0,0
BRDA:170,10,0,0
BRDA:171,11,0,0
BRDA:180,12,0,0
BRDA:180,12,1,0
BRDA:195,13,0,0
BRDA:195,13,1,0
BRDA:220,14,0,0
BRDA:220,14,1,0
BRDA:230,15,0,0
BRDA:230,15,1,0
BRDA:230,16,0,0
BRDA:230,16,1,0
BRDA:238,17,0,0
BRDA:238,17,1,0
BRDA:242,18,0,0
BRDA:242,18,1,0
BRDA:242,19,0,0
BRDA:242,19,1,0
BRDA:434,20,0,0
BRDA:435,21,0,0
BRDA:435,21,1,0
BRDA:455,22,0,0
BRDA:456,23,0,0
BRDA:456,23,1,0
BRDA:546,24,0,0
BRDA:547,25,0,0
BRDA:548,26,0,0
BRDA:549,27,0,0
BRDA:556,28,0,0
BRDA:556,28,1,0
BRDA:570,29,0,0
BRDA:570,29,1,0
BRDA:574,30,0,0
BRDA:574,30,1,0
BRDA:586,31,0,0
BRDA:586,31,1,0
BRDA:601,32,0,0
BRDA:601,33,0,0
BRDA:602,34,0,0
BRDA:602,34,1,0
BRDA:616,35,0,0
BRDA:616,35,1,0
BRDA:652,36,0,0
BRDA:665,37,0,0
BRDA:715,38,0,0
BRDA:715,39,0,0
BRDA:716,40,0,0
BRDA:716,40,1,0
BRDA:727,41,0,0
BRDA:727,41,1,0
BRDA:728,42,0,0
BRDA:728,42,1,0
BRF:71
BRH:0
end_of_record
TN:
SF:components\ui\skeleton.tsx
FN:3,Skeleton
FNF:1
FNH:0
FNDA:0,Skeleton
DA:1,0
DA:15,0
LF:2
LH:0
BRF:0
BRH:0
end_of_record
TN:
SF:components\ui\slider.tsx
FNF:0
FNH:0
DA:3,0
DA:4,0
DA:6,0
DA:26,0
DA:28,0
LF:5
LH:0
BRF:0
BRH:0
end_of_record
TN:
SF:components\ui\sonner.tsx
FN:8,(anonymous_1)
FNF:1
FNH:0
FNDA:0,(anonymous_1)
DA:3,0
DA:4,0
DA:8,0
DA:9,0
DA:31,0
LF:5
LH:0
BRDA:9,0,0,0
BRF:1
BRH:0
end_of_record
TN:
SF:components\ui\switch.tsx
FNF:0
FNH:0
DA:3,0
DA:4,0
DA:6,0
DA:27,0
DA:29,0
LF:5
LH:0
BRF:0
BRH:0
end_of_record
TN:
SF:components\ui\table.tsx
FNF:0
FNH:0
DA:1,0
DA:3,0
DA:17,0
DA:25,0
DA:37,0
DA:52,0
DA:67,0
DA:82,0
DA:94,0
DA:106,0
DA:109,0
DA:110,0
DA:111,0
DA:112,0
DA:113,0
DA:114,0
DA:115,0
DA:116,0
LF:18
LH:0
BRF:0
BRH:0
end_of_record
TN:
SF:components\ui\tabs.tsx
FNF:0
FNH:0
DA:3,0
DA:4,0
DA:6,0
DA:8,0
DA:23,0
DA:38,0
DA:53,0
DA:55,0
LF:8
LH:0
BRF:0
BRH:0
end_of_record
TN:
SF:components\ui\textarea.tsx
FN:8,(anonymous_4)
FNF:1
FNH:0
FNDA:0,(anonymous_4)
DA:1,0
DA:3,0
DA:5,0
DA:20,0
DA:22,0
LF:5
LH:0
BRF:0
BRH:0
end_of_record
TN:
SF:components\ui\toast.tsx
FN:47,(anonymous_12)
FNF:1
FNH:0
FNDA:0,(anonymous_12)
DA:3,0
DA:4,0
DA:5,0
DA:6,0
DA:8,0
DA:10,0
DA:25,0
DA:27,0
DA:43,0
DA:56,0
DA:71,0
DA:89,0
DA:101,0
DA:113,0
DA:122,0
DA:123,0
DA:124,0
DA:125,0
DA:126,0
DA:127,0
DA:128,0
LF:21
LH:0
BRF:0
BRH:0
end_of_record
TN:
SF:components\ui\toaster.tsx
FN:13,Toaster
FN:18,(anonymous_2)
FNF:2
FNH:0
FNDA:0,Toaster
FNDA:0,(anonymous_2)
DA:3,0
DA:11,0
DA:13,0
DA:14,0
DA:19,0
LF:5
LH:0
BRDA:22,0,0,0
BRDA:23,1,0,0
BRF:2
BRH:0
end_of_record
TN:
SF:components\ui\toggle-group.tsx
FN:39,(anonymous_7)
FNF:1
FNH:0
FNDA:0,(anonymous_7)
DA:3,0
DA:4,0
DA:7,0
DA:8,0
DA:10,0
DA:33,0
DA:35,0
DA:40,0
DA:59,0
DA:61,0
LF:10
LH:0
BRDA:47,0,0,0
BRDA:47,0,1,0
BRDA:48,1,0,0
BRDA:48,1,1,0
BRF:4
BRH:0
end_of_record
TN:
SF:components\ui\toggle.tsx
FNF:0
FNH:0
DA:3,0
DA:4,0
DA:5,0
DA:7,0
DA:9,0
DA:43,0
DA:45,0
LF:7
LH:0
BRF:0
BRH:0
end_of_record
TN:
SF:components\ui\tooltip.tsx
FNF:0
FNH:0
DA:3,0
DA:4,0
DA:6,0
DA:8,0
DA:10,0
DA:12,0
DA:28,0
DA:30,0
LF:8
LH:0
BRDA:17,0,0,0
BRF:1
BRH:0
end_of_record
TN:
SF:components\ui\use-mobile.tsx
FN:5,useIsMobile
FN:8,(anonymous_5)
FN:10,(anonymous_6)
FN:15,(anonymous_7)
FNF:4
FNH:0
FNDA:0,useIsMobile
FNDA:0,(anonymous_5)
FNDA:0,(anonymous_6)
FNDA:0,(anonymous_7)
DA:1,0
DA:3,0
DA:5,0
DA:6,0
DA:8,0
DA:9,0
DA:10,0
DA:11,0
DA:13,0
DA:14,0
DA:15,0
DA:18,0
LF:12
LH:0
BRF:0
BRH:0
end_of_record
TN:
SF:components\ui\use-toast.ts
FN:30,genId
FN:61,(anonymous_8)
FN:66,(anonymous_9)
FN:77,(anonymous_10)
FN:88,(anonymous_11)
FN:101,(anonymous_12)
FN:108,(anonymous_13)
FN:127,(anonymous_14)
FN:136,dispatch
FN:138,(anonymous_16)
FN:145,toast
FN:148,(anonymous_18)
FN:153,(anonymous_19)
FN:161,(anonymous_20)
FN:174,useToast
FN:177,(anonymous_22)
FN:179,(anonymous_23)
FN:190,(anonymous_24)
FNF:18
FNH:0
FNDA:0,genId
FNDA:0,(anonymous_8)
FNDA:0,(anonymous_9)
FNDA:0,(anonymous_10)
FNDA:0,(anonymous_11)
FNDA:0,(anonymous_12)
FNDA:0,(anonymous_13)
FNDA:0,(anonymous_14)
FNDA:0,dispatch
FNDA:0,(anonymous_16)
FNDA:0,toast
FNDA:0,(anonymous_18)
FNDA:0,(anonymous_19)
FNDA:0,(anonymous_20)
FNDA:0,useToast
FNDA:0,(anonymous_22)
FNDA:0,(anonymous_23)
FNDA:0,(anonymous_24)
DA:4,0
DA:11,0
DA:12,0
DA:21,0
DA:28,0
DA:31,0
DA:32,0
DA:59,0
DA:61,0
DA:62,0
DA:63,0
DA:66,0
DA:67,0
DA:68,0
DA:74,0
DA:77,0
DA:78,0
DA:80,0
DA:86,0
DA:89,0
DA:94,0
DA:98,0
DA:99,0
DA:101,0
DA:102,0
DA:106,0
DA:109,0
DA:119,0
DA:120,0
DA:125,0
DA:127,0
DA:132,0
DA:134,0
DA:137,0
DA:138,0
DA:139,0
DA:146,0
DA:148,0
DA:149,0
DA:153,0
DA:155,0
DA:162,0
DA:167,0
DA:175,0
DA:177,0
DA:178,0
DA:179,0
DA:180,0
DA:181,0
DA:182,0
DA:187,0
DA:190,0
DA:194,0
LF:53
LH:0
BRDA:62,0,0,0
BRDA:62,0,1,0
BRDA:78,1,0,0
BRDA:78,1,1,0
BRDA:78,1,2,0
BRDA:78,1,3,0
BRDA:89,2,0,0
BRDA:89,2,1,0
BRDA:98,3,0,0
BRDA:98,3,1,0
BRDA:109,4,0,0
BRDA:109,4,1,0
BRDA:109,5,0,0
BRDA:109,5,1,0
BRDA:119,6,0,0
BRDA:119,6,1,0
BRDA:162,7,0,0
BRDA:162,7,1,0
BRDA:181,8,0,0
BRDA:181,8,1,0
BRF:20
BRH:0
end_of_record
TN:
SF:cypress\e2e\accessibility.cy.ts
FN:3,(anonymous_0)
FN:4,(anonymous_1)
FN:8,(anonymous_2)
FN:10,(anonymous_3)
FN:17,(anonymous_4)
FN:20,(anonymous_5)
FN:27,(anonymous_6)
FN:31,(anonymous_7)
FN:38,(anonymous_8)
FN:40,(anonymous_9)
FNF:10
FNH:0
FNDA:0,(anonymous_0)
FNDA:0,(anonymous_1)
FNDA:0,(anonymous_2)
FNDA:0,(anonymous_3)
FNDA:0,(anonymous_4)
FNDA:0,(anonymous_5)
FNDA:0,(anonymous_6)
FNDA:0,(anonymous_7)
FNDA:0,(anonymous_8)
FNDA:0,(anonymous_9)
DA:3,0
DA:4,0
DA:5,0
DA:8,0
DA:9,0
DA:10,0
DA:11,0
DA:12,0
DA:17,0
DA:18,0
DA:19,0
DA:20,0
DA:21,0
DA:22,0
DA:27,0
DA:28,0
DA:29,0
DA:30,0
DA:31,0
DA:32,0
DA:33,0
DA:38,0
DA:39,0
DA:40,0
DA:41,0
DA:42,0
LF:26
LH:0
BRDA:11,0,0,0
BRDA:11,0,1,0
BRDA:21,1,0,0
BRDA:21,1,1,0
BRDA:32,2,0,0
BRDA:32,2,1,0
BRDA:41,3,0,0
BRDA:41,3,1,0
BRF:8
BRH:0
end_of_record
TN:
SF:cypress\e2e\admin-workflow.cy.ts
FN:3,(anonymous_0)
FN:4,(anonymous_1)
FN:32,(anonymous_2)
FNF:3
FNH:0
FNDA:0,(anonymous_0)
FNDA:0,(anonymous_1)
FNDA:0,(anonymous_2)
DA:3,0
DA:4,0
DA:5,0
DA:8,0
DA:9,0
DA:10,0
DA:11,0
DA:14,0
DA:15,0
DA:18,0
DA:19,0
DA:22,0
DA:23,0
DA:26,0
DA:27,0
DA:30,0
DA:33,0
DA:35,0
DA:36,0
DA:39,0
DA:40,0
DA:41,0
LF:22
LH:0
BRF:0
BRH:0
end_of_record
TN:
SF:cypress\e2e\bulk-generation.cy.ts
FN:3,(anonymous_0)
FN:4,(anonymous_1)
FN:41,(anonymous_2)
FN:42,(anonymous_3)
FNF:4
FNH:0
FNDA:0,(anonymous_0)
FNDA:0,(anonymous_1)
FNDA:0,(anonymous_2)
FNDA:0,(anonymous_3)
DA:3,0
DA:4,0
DA:6,0
DA:7,0
DA:10,0
DA:13,0
DA:14,0
DA:15,0
DA:18,0
DA:19,0
DA:22,0
DA:25,0
DA:26,0
DA:27,0
DA:28,0
DA:29,0
DA:32,0
DA:33,0
DA:34,0
DA:37,0
DA:38,0
DA:41,0
DA:42,0
DA:43,0
DA:44,0
DA:47,0
LF:26
LH:0
BRF:0
BRH:0
end_of_record
TN:
SF:cypress\e2e\bulk-upload.cy.ts
FN:1,(anonymous_0)
FN:2,(anonymous_1)
FNF:2
FNH:0
FNDA:0,(anonymous_0)
FNDA:0,(anonymous_1)
DA:1,0
DA:2,0
LF:2
LH:0
BRF:0
BRH:0
end_of_record
TN:
SF:cypress\e2e\certificate-preview.cy.ts
FN:1,(anonymous_0)
FN:2,(anonymous_1)
FNF:2
FNH:0
FNDA:0,(anonymous_0)
FNDA:0,(anonymous_1)
DA:1,0
DA:2,0
LF:2
LH:0
BRF:0
BRH:0
end_of_record
TN:
SF:cypress\e2e\error-boundaries.cy.ts
FN:3,(anonymous_0)
FN:12,(anonymous_1)
FN:13,(anonymous_2)
FNF:3
FNH:0
FNDA:0,(anonymous_0)
FNDA:0,(anonymous_1)
FNDA:0,(anonymous_2)
DA:3,0
DA:4,0
DA:12,0
DA:13,0
DA:14,0
DA:17,0
DA:18,0
DA:19,0
DA:22,0
DA:23,0
LF:10
LH:0
BRF:0
BRH:0
end_of_record
TN:
SF:cypress\e2e\public-verification.cy.ts
FN:3,(anonymous_0)
FN:4,(anonymous_1)
FN:12,(anonymous_2)
FNF:3
FNH:0
FNDA:0,(anonymous_0)
FNDA:0,(anonymous_1)
FNDA:0,(anonymous_2)
DA:3,0
DA:4,0
DA:5,0
DA:8,0
DA:9,0
DA:12,0
DA:13,0
DA:15,0
DA:18,0
DA:19,0
DA:20,0
DA:21,0
DA:24,0
DA:25,0
DA:26,0
DA:29,0
DA:30,0
DA:31,0
LF:18
LH:0
BRF:0
BRH:0
end_of_record
TN:
SF:cypress\e2e\rbac-coverage.cy.ts
FN:11,(anonymous_0)
FN:16,(anonymous_1)
FN:19,(anonymous_2)
FN:23,(anonymous_3)
FN:34,(anonymous_4)
FN:37,(anonymous_5)
FN:41,(anonymous_6)
FN:47,(anonymous_7)
FN:50,(anonymous_8)
FNF:9
FNH:0
FNDA:0,(anonymous_0)
FNDA:0,(anonymous_1)
FNDA:0,(anonymous_2)
FNDA:0,(anonymous_3)
FNDA:0,(anonymous_4)
FNDA:0,(anonymous_5)
FNDA:0,(anonymous_6)
FNDA:0,(anonymous_7)
FNDA:0,(anonymous_8)
DA:11,0
DA:12,0
DA:14,0
DA:16,0
DA:17,0
DA:19,0
DA:20,0
DA:23,0
DA:24,0
DA:28,0
DA:29,0
DA:30,0
DA:34,0
DA:35,0
DA:37,0
DA:38,0
DA:41,0
DA:42,0
DA:47,0
DA:48,0
DA:50,0
DA:51,0
DA:52,0
DA:53,0
LF:24
LH:0
BRDA:24,0,0,0
BRDA:24,0,1,0
BRDA:42,1,0,0
BRDA:42,1,1,0
BRF:4
BRH:0
end_of_record
TN:
SF:cypress\e2e\student-workflow.cy.ts
FN:3,(anonymous_0)
FN:4,(anonymous_1)
FN:20,(anonymous_2)
FNF:3
FNH:0
FNDA:0,(anonymous_0)
FNDA:0,(anonymous_1)
FNDA:0,(anonymous_2)
DA:3,0
DA:4,0
DA:5,0
DA:8,0
DA:9,0
DA:10,0
DA:11,0
DA:14,0
DA:15,0
DA:18,0
DA:21,0
DA:25,0
DA:26,0
DA:27,0
DA:30,0
DA:31,0
DA:32,0
LF:17
LH:0
BRF:0
BRH:0
end_of_record
TN:
SF:cypress\e2e\template-editor.cy.ts
FN:1,(anonymous_0)
FN:2,(anonymous_1)
FNF:2
FNH:0
FNDA:0,(anonymous_0)
FNDA:0,(anonymous_1)
DA:1,0
DA:2,0
LF:2
LH:0
BRF:0
BRH:0
end_of_record
TN:
SF:cypress\support\commands.ts
FN:11,(anonymous_0)
FN:12,(anonymous_1)
FNF:2
FNH:0
FNDA:0,(anonymous_0)
FNDA:0,(anonymous_1)
DA:11,0
DA:12,0
DA:13,0
DA:14,0
DA:15,0
DA:16,0
DA:17,0
LF:7
LH:0
BRF:0
BRH:0
end_of_record
TN:
SF:hooks\use-auth.ts
FNF:0
FNH:0
DA:3,0
DA:5,0
LF:2
LH:0
BRF:0
BRH:0
end_of_record
TN:
SF:hooks\use-certificates.ts
FN:8,useCertificates
FN:18,(anonymous_5)
FN:31,(anonymous_6)
FN:35,(anonymous_7)
FN:42,useCertificate
FN:47,(anonymous_9)
FN:62,(anonymous_10)
FN:66,(anonymous_11)
FN:73,useCertificateMutations
FN:77,(anonymous_13)
FN:91,(anonymous_14)
FN:105,(anonymous_15)
FN:118,(anonymous_16)
FNF:13
FNH:0
FNDA:0,useCertificates
FNDA:0,(anonymous_5)
FNDA:0,(anonymous_6)
FNDA:0,(anonymous_7)
FNDA:0,useCertificate
FNDA:0,(anonymous_9)
FNDA:0,(anonymous_10)
FNDA:0,(anonymous_11)
FNDA:0,useCertificateMutations
FNDA:0,(anonymous_13)
FNDA:0,(anonymous_14)
FNDA:0,(anonymous_15)
FNDA:0,(anonymous_16)
DA:3,0
DA:4,0
DA:8,0
DA:9,0
DA:15,0
DA:16,0
DA:18,0
DA:19,0
DA:20,0
DA:21,0
DA:22,0
DA:23,0
DA:25,0
DA:27,0
DA:31,0
DA:32,0
DA:35,0
DA:36,0
DA:39,0
DA:42,0
DA:43,0
DA:44,0
DA:45,0
DA:47,0
DA:48,0
DA:50,0
DA:51,0
DA:52,0
DA:53,0
DA:54,0
DA:56,0
DA:58,0
DA:62,0
DA:63,0
DA:66,0
DA:67,0
DA:70,0
DA:73,0
DA:74,0
DA:75,0
DA:77,0
DA:78,0
DA:79,0
DA:80,0
DA:81,0
DA:82,0
DA:84,0
DA:85,0
DA:87,0
DA:91,0
DA:92,0
DA:93,0
DA:94,0
DA:95,0
DA:96,0
DA:98,0
DA:99,0
DA:101,0
DA:105,0
DA:106,0
DA:107,0
DA:108,0
DA:109,0
DA:111,0
DA:112,0
DA:114,0
DA:118,0
DA:119,0
DA:120,0
DA:121,0
DA:122,0
DA:125,0
DA:126,0
DA:127,0
DA:128,0
DA:129,0
DA:130,0
DA:131,0
DA:132,0
DA:134,0
DA:135,0
DA:137,0
DA:141,0
LF:83
LH:0
BRDA:48,0,0,0
BRDA:48,0,1,0
BRF:2
BRH:0
end_of_record
TN:
SF:hooks\use-debounce.ts
FN:5,useDebounce
FN:8,(anonymous_2)
FN:9,(anonymous_3)
FN:13,(anonymous_4)
FNF:4
FNH:0
FNDA:0,useDebounce
FNDA:0,(anonymous_2)
FNDA:0,(anonymous_3)
FNDA:0,(anonymous_4)
DA:3,0
DA:5,0
DA:6,0
DA:8,0
DA:9,0
DA:10,0
DA:13,0
DA:14,0
DA:18,0
LF:9
LH:0
BRF:0
BRH:0
end_of_record
TN:
SF:hooks\use-metrics.ts
FN:19,useMetrics
FN:24,(anonymous_4)
FN:37,(anonymous_5)
FN:41,(anonymous_6)
FN:48,useValidationLogs
FN:65,(anonymous_8)
FN:78,(anonymous_9)
FN:82,(anonymous_10)
FNF:8
FNH:0
FNDA:0,useMetrics
FNDA:0,(anonymous_4)
FNDA:0,(anonymous_5)
FNDA:0,(anonymous_6)
FNDA:0,useValidationLogs
FNDA:0,(anonymous_8)
FNDA:0,(anonymous_9)
FNDA:0,(anonymous_10)
DA:3,0
DA:4,0
DA:19,0
DA:20,0
DA:21,0
DA:22,0
DA:24,0
DA:25,0
DA:26,0
DA:27,0
DA:28,0
DA:29,0
DA:31,0
DA:33,0
DA:37,0
DA:38,0
DA:41,0
DA:42,0
DA:45,0
DA:48,0
DA:49,0
DA:62,0
DA:63,0
DA:65,0
DA:66,0
DA:67,0
DA:68,0
DA:69,0
DA:70,0
DA:72,0
DA:74,0
DA:78,0
DA:79,0
DA:82,0
DA:83,0
DA:86,0
LF:36
LH:0
BRF:0
BRH:0
end_of_record
TN:
SF:hooks\use-mobile.tsx
FN:5,useIsMobile
FN:8,(anonymous_5)
FN:10,(anonymous_6)
FN:15,(anonymous_7)
FNF:4
FNH:0
FNDA:0,useIsMobile
FNDA:0,(anonymous_5)
FNDA:0,(anonymous_6)
FNDA:0,(anonymous_7)
DA:1,0
DA:3,0
DA:5,0
DA:6,0
DA:8,0
DA:9,0
DA:10,0
DA:11,0
DA:13,0
DA:14,0
DA:15,0
DA:18,0
LF:12
LH:0
BRF:0
BRH:0
end_of_record
TN:
SF:hooks\use-roles.ts
FN:8,useRoles
FN:13,(anonymous_2)
FN:26,(anonymous_3)
FN:30,(anonymous_4)
FNF:4
FNH:0
FNDA:0,useRoles
FNDA:0,(anonymous_2)
FNDA:0,(anonymous_3)
FNDA:0,(anonymous_4)
DA:3,0
DA:4,0
DA:8,0
DA:9,0
DA:10,0
DA:11,0
DA:13,0
DA:14,0
DA:15,0
DA:16,0
DA:17,0
DA:18,0
DA:20,0
DA:22,0
DA:26,0
DA:27,0
DA:30,0
DA:31,0
DA:34,0
LF:19
LH:0
BRF:0
BRH:0
end_of_record
TN:
SF:hooks\use-signature.ts
FN:4,useSignature
FN:10,(anonymous_2)
FN:15,(anonymous_3)
FNF:3
FNH:0
FNDA:0,useSignature
FNDA:0,(anonymous_2)
FNDA:0,(anonymous_3)
DA:1,0
DA:4,0
DA:5,0
DA:6,0
DA:7,0
DA:10,0
DA:11,0
DA:12,0
DA:13,0
DA:15,0
DA:16,0
DA:17,0
DA:19,0
DA:20,0
DA:22,0
DA:26,0
LF:16
LH:0
BRF:0
BRH:0
end_of_record
TN:
SF:hooks\use-templates.ts
FN:8,useTemplates
FN:13,(anonymous_5)
FN:26,(anonymous_6)
FN:30,(anonymous_7)
FN:37,useTemplate
FN:42,(anonymous_9)
FN:57,(anonymous_10)
FN:61,(anonymous_11)
FN:68,useTemplateMutations
FN:72,(anonymous_13)
FN:86,(anonymous_14)
FN:100,(anonymous_15)
FN:114,(anonymous_16)
FN:127,(anonymous_17)
FNF:14
FNH:0
FNDA:0,useTemplates
FNDA:0,(anonymous_5)
FNDA:0,(anonymous_6)
FNDA:0,(anonymous_7)
FNDA:0,useTemplate
FNDA:0,(anonymous_9)
FNDA:0,(anonymous_10)
FNDA:0,(anonymous_11)
FNDA:0,useTemplateMutations
FNDA:0,(anonymous_13)
FNDA:0,(anonymous_14)
FNDA:0,(anonymous_15)
FNDA:0,(anonymous_16)
FNDA:0,(anonymous_17)
DA:3,0
DA:4,0
DA:8,0
DA:9,0
DA:10,0
DA:11,0
DA:13,0
DA:14,0
DA:15,0
DA:16,0
DA:17,0
DA:18,0
DA:20,0
DA:22,0
DA:26,0
DA:27,0
DA:30,0
DA:31,0
DA:34,0
DA:37,0
DA:38,0
DA:39,0
DA:40,0
DA:42,0
DA:43,0
DA:45,0
DA:46,0
DA:47,0
DA:48,0
DA:49,0
DA:51,0
DA:53,0
DA:57,0
DA:58,0
DA:61,0
DA:62,0
DA:65,0
DA:68,0
DA:69,0
DA:70,0
DA:72,0
DA:73,0
DA:74,0
DA:75,0
DA:76,0
DA:77,0
DA:79,0
DA:80,0
DA:82,0
DA:86,0
DA:87,0
DA:88,0
DA:89,0
DA:90,0
DA:91,0
DA:93,0
DA:94,0
DA:96,0
DA:100,0
DA:101,0
DA:102,0
DA:103,0
DA:104,0
DA:105,0
DA:107,0
DA:108,0
DA:110,0
DA:114,0
DA:115,0
DA:116,0
DA:117,0
DA:118,0
DA:120,0
DA:121,0
DA:123,0
DA:127,0
DA:128,0
DA:129,0
DA:130,0
DA:131,0
DA:132,0
DA:134,0
DA:135,0
DA:137,0
DA:141,0
LF:85
LH:0
BRDA:43,0,0,0
BRDA:43,0,1,0
BRF:2
BRH:0
end_of_record
TN:
SF:hooks\use-toast.ts
FN:30,genId
FN:61,(anonymous_8)
FN:66,(anonymous_9)
FN:77,(anonymous_10)
FN:88,(anonymous_11)
FN:101,(anonymous_12)
FN:108,(anonymous_13)
FN:127,(anonymous_14)
FN:136,dispatch
FN:138,(anonymous_16)
FN:145,toast
FN:148,(anonymous_18)
FN:153,(anonymous_19)
FN:161,(anonymous_20)
FN:174,useToast
FN:177,(anonymous_22)
FN:179,(anonymous_23)
FN:190,(anonymous_24)
FNF:18
FNH:0
FNDA:0,genId
FNDA:0,(anonymous_8)
FNDA:0,(anonymous_9)
FNDA:0,(anonymous_10)
FNDA:0,(anonymous_11)
FNDA:0,(anonymous_12)
FNDA:0,(anonymous_13)
FNDA:0,(anonymous_14)
FNDA:0,dispatch
FNDA:0,(anonymous_16)
FNDA:0,toast
FNDA:0,(anonymous_18)
FNDA:0,(anonymous_19)
FNDA:0,(anonymous_20)
FNDA:0,useToast
FNDA:0,(anonymous_22)
FNDA:0,(anonymous_23)
FNDA:0,(anonymous_24)
DA:4,0
DA:11,0
DA:12,0
DA:21,0
DA:28,0
DA:31,0
DA:32,0
DA:59,0
DA:61,0
DA:62,0
DA:63,0
DA:66,0
DA:67,0
DA:68,0
DA:74,0
DA:77,0
DA:78,0
DA:80,0
DA:86,0
DA:89,0
DA:94,0
DA:98,0
DA:99,0
DA:101,0
DA:102,0
DA:106,0
DA:109,0
DA:119,0
DA:120,0
DA:125,0
DA:127,0
DA:132,0
DA:134,0
DA:137,0
DA:138,0
DA:139,0
DA:146,0
DA:148,0
DA:149,0
DA:153,0
DA:155,0
DA:162,0
DA:167,0
DA:175,0
DA:177,0
DA:178,0
DA:179,0
DA:180,0
DA:181,0
DA:182,0
DA:187,0
DA:190,0
DA:194,0
LF:53
LH:0
BRDA:62,0,0,0
BRDA:62,0,1,0
BRDA:78,1,0,0
BRDA:78,1,1,0
BRDA:78,1,2,0
BRDA:78,1,3,0
BRDA:89,2,0,0
BRDA:89,2,1,0
BRDA:98,3,0,0
BRDA:98,3,1,0
BRDA:109,4,0,0
BRDA:109,4,1,0
BRDA:109,5,0,0
BRDA:109,5,1,0
BRDA:119,6,0,0
BRDA:119,6,1,0
BRDA:162,7,0,0
BRDA:162,7,1,0
BRDA:181,8,0,0
BRDA:181,8,1,0
BRF:20
BRH:0
end_of_record
TN:
SF:hooks\use-users.ts
FN:8,useUsers
FN:18,(anonymous_4)
FN:31,(anonymous_5)
FN:35,(anonymous_6)
FN:42,useUserMutations
FN:47,(anonymous_8)
FN:68,(anonymous_9)
FN:82,(anonymous_10)
FNF:8
FNH:0
FNDA:0,useUsers
FNDA:0,(anonymous_4)
FNDA:0,(anonymous_5)
FNDA:0,(anonymous_6)
FNDA:0,useUserMutations
FNDA:0,(anonymous_8)
FNDA:0,(anonymous_9)
FNDA:0,(anonymous_10)
DA:3,0
DA:4,0
DA:8,0
DA:9,0
DA:15,0
DA:16,0
DA:18,0
DA:19,0
DA:20,0
DA:21,0
DA:22,0
DA:23,0
DA:25,0
DA:27,0
DA:31,0
DA:32,0
DA:35,0
DA:36,0
DA:39,0
DA:42,0
DA:43,0
DA:44,0
DA:46,0
DA:53,0
DA:54,0
DA:55,0
DA:56,0
DA:57,0
DA:59,0
DA:60,0
DA:62,0
DA:68,0
DA:69,0
DA:70,0
DA:71,0
DA:72,0
DA:73,0
DA:75,0
DA:76,0
DA:78,0
DA:82,0
DA:83,0
DA:84,0
DA:85,0
DA:86,0
DA:88,0
DA:89,0
DA:91,0
DA:95,0
LF:49
LH:0
BRF:0
BRH:0
end_of_record
TN:
SF:hooks\use-validation.ts
FN:7,useValidation
FN:12,(anonymous_2)
FN:33,(anonymous_3)
FNF:3
FNH:0
FNDA:0,useValidation
FNDA:0,(anonymous_2)
FNDA:0,(anonymous_3)
DA:3,0
DA:4,0
DA:7,0
DA:8,0
DA:9,0
DA:10,0
DA:12,0
DA:13,0
DA:14,0
DA:15,0
DA:18,0
DA:19,0
DA:20,0
DA:21,0
DA:22,0
DA:23,0
DA:25,0
DA:26,0
DA:27,0
DA:29,0
DA:33,0
DA:34,0
DA:35,0
DA:38,0
LF:24
LH:0
BRDA:13,0,0,0
BRDA:13,0,1,0
BRF:2
BRH:0
end_of_record
TN:
SF:hooks\use-verify.ts
FN:6,useVerify
FN:11,(anonymous_2)
FNF:2
FNH:0
FNDA:0,useVerify
FNDA:0,(anonymous_2)
DA:1,0
DA:2,0
DA:6,0
DA:7,0
DA:8,0
DA:9,0
DA:11,0
DA:12,0
DA:13,0
DA:14,0
DA:15,0
DA:16,0
DA:17,0
DA:19,0
DA:20,0
DA:22,0
DA:26,0
LF:17
LH:0
BRF:0
BRH:0
end_of_record
TN:
SF:lib\mock-data.ts
FNF:0
FNH:0
DA:31,0
DA:82,0
DA:120,0
LF:3
LH:0
BRF:0
BRH:0
end_of_record
TN:
SF:lib\utils.ts
FN:4,cn
FN:8,getCookie
FN:12,(anonymous_9)
FN:16,formatDate
FN:24,downloadBlob
FN:35,truncateText
FN:40,generateCertificateId
FNF:7
FNH:0
FNDA:0,cn
FNDA:0,getCookie
FNDA:0,(anonymous_9)
FNDA:0,formatDate
FNDA:0,downloadBlob
FNDA:0,truncateText
FNDA:0,generateCertificateId
DA:1,0
DA:2,0
DA:4,0
DA:5,0
DA:8,0
DA:9,0
DA:11,0
DA:12,0
DA:13,0
DA:16,0
DA:17,0
DA:24,0
DA:25,0
DA:26,0
DA:27,0
DA:28,0
DA:29,0
DA:30,0
DA:31,0
DA:32,0
DA:35,0
DA:36,0
DA:37,0
DA:40,0
DA:41,0
DA:42,0
DA:45,0
LF:27
LH:0
BRDA:9,0,0,0
BRDA:9,0,1,0
BRDA:13,1,0,0
BRDA:13,1,1,0
BRDA:36,2,0,0
BRDA:36,2,1,0
BRF:6
BRH:0
end_of_record
TN:
SF:lib\api\analytics.ts
FN:37,(anonymous_2)
FN:42,(anonymous_3)
FN:53,(anonymous_4)
FN:63,(anonymous_5)
FN:72,(anonymous_6)
FNF:5
FNH:0
FNDA:0,(anonymous_2)
FNDA:0,(anonymous_3)
FNDA:0,(anonymous_4)
FNDA:0,(anonymous_5)
FNDA:0,(anonymous_6)
DA:1,0
DA:36,0
DA:38,0
DA:39,0
DA:49,0
DA:50,0
DA:59,0
DA:60,0
DA:68,0
DA:69,0
DA:77,0
DA:78,0
LF:12
LH:0
BRF:0
BRH:0
end_of_record
TN:
SF:lib\api\auth.ts
FN:5,(anonymous_2)
FN:10,(anonymous_3)
FN:15,(anonymous_4)
FN:19,(anonymous_5)
FN:24,(anonymous_6)
FN:29,(anonymous_7)
FN:33,(anonymous_8)
FNF:7
FNH:4
FNDA:2,(anonymous_2)
FNDA:1,(anonymous_3)
FNDA:1,(anonymous_4)
FNDA:1,(anonymous_5)
FNDA:0,(anonymous_6)
FNDA:0,(anonymous_7)
FNDA:0,(anonymous_8)
DA:1,1
DA:4,5
DA:6,2
DA:7,2
DA:11,1
DA:12,1
DA:16,1
DA:20,1
DA:21,1
DA:25,0
DA:26,0
DA:30,0
DA:34,0
LF:13
LH:9
BRF:0
BRH:0
end_of_record
TN:
SF:lib\api\certificates.ts
FN:25,(anonymous_2)
FN:30,(anonymous_3)
FN:35,(anonymous_4)
FN:40,(anonymous_5)
FN:45,(anonymous_6)
FN:55,(anonymous_7)
FN:63,(anonymous_8)
FN:67,(anonymous_9)
FN:72,(anonymous_10)
FNF:9
FNH:6
FNDA:3,(anonymous_2)
FNDA:1,(anonymous_3)
FNDA:1,(anonymous_4)
FNDA:2,(anonymous_5)
FNDA:1,(anonymous_6)
FNDA:0,(anonymous_7)
FNDA:1,(anonymous_8)
FNDA:0,(anonymous_9)
FNDA:0,(anonymous_10)
DA:1,1
DA:24,9
DA:26,3
DA:27,2
DA:31,1
DA:32,1
DA:36,1
DA:37,1
DA:41,2
DA:42,1
DA:46,1
DA:47,1
DA:49,1
DA:52,1
DA:56,0
DA:60,0
DA:64,1
DA:68,0
DA:69,0
DA:73,0
LF:20
LH:15
BRF:0
BRH:0
end_of_record
TN:
SF:lib\api\client.ts
FN:23,(anonymous_4)
FN:29,(anonymous_5)
FN:42,(anonymous_6)
FN:49,(anonymous_7)
FN:57,(anonymous_8)
FN:110,normalizeError
FN:135,getDefaultErrorMessage
FNF:7
FNH:5
FNDA:19,(anonymous_4)
FNDA:19,(anonymous_5)
FNDA:0,(anonymous_6)
FNDA:15,(anonymous_7)
FNDA:4,(anonymous_8)
FNDA:4,normalizeError
FNDA:0,getDefaultErrorMessage
DA:1,1
DA:2,1
DA:12,26
DA:22,1
DA:26,19
DA:29,19
DA:33,19
DA:34,0
DA:38,19
DA:40,19
DA:43,0
DA:48,1
DA:51,15
DA:52,0
DA:53,0
DA:55,15
DA:58,4
DA:61,4
DA:62,0
DA:66,4
DA:69,1
DA:70,1
DA:72,1
DA:73,1
DA:76,1
DA:79,0
DA:80,0
DA:84,0
DA:88,3
DA:91,0
DA:92,0
DA:95,0
DA:96,0
DA:100,0
DA:101,0
DA:105,4
DA:112,4
DA:113,0
DA:124,4
DA:125,4
DA:127,4
DA:136,0
DA:138,0
DA:140,0
DA:142,0
DA:144,0
DA:146,0
DA:148,0
DA:150,0
DA:152,0
DA:154,0
DA:156,0
DA:158,0
DA:162,19
LF:54
LH:27
BRDA:26,0,0,19
BRDA:26,0,1,0
BRDA:33,1,0,0
BRDA:33,1,1,19
BRDA:51,2,0,0
BRDA:51,2,1,15
BRDA:61,3,0,0
BRDA:61,3,1,4
BRDA:66,4,0,1
BRDA:66,4,1,0
BRDA:66,4,2,0
BRDA:66,4,3,3
BRDA:66,4,4,0
BRDA:66,4,5,0
BRDA:66,4,6,0
BRDA:69,5,0,1
BRDA:69,5,1,0
BRDA:72,6,0,1
BRDA:72,6,1,0
BRDA:100,7,0,0
BRDA:100,7,1,0
BRDA:112,8,0,0
BRDA:112,8,1,4
BRDA:116,9,0,0
BRDA:116,9,1,0
BRDA:129,10,0,4
BRDA:129,10,1,0
BRDA:129,10,2,0
BRDA:130,11,0,4
BRDA:130,11,1,1
BRDA:130,11,2,1
BRDA:136,12,0,0
BRDA:136,12,1,0
BRDA:136,12,2,0
BRDA:136,12,3,0
BRDA:136,12,4,0
BRDA:136,12,5,0
BRDA:136,12,6,0
BRDA:136,12,7,0
BRDA:136,12,8,0
BRDA:136,12,9,0
BRDA:136,12,10,0
BRF:42
BRH:13
end_of_record
TN:
SF:lib\api\export.ts
FN:11,(anonymous_2)
FN:19,(anonymous_3)
FN:27,(anonymous_4)
FN:35,(anonymous_5)
FN:43,(anonymous_6)
FN:52,(anonymous_7)
FNF:6
FNH:1
FNDA:1,(anonymous_2)
FNDA:0,(anonymous_3)
FNDA:0,(anonymous_4)
FNDA:0,(anonymous_5)
FNDA:0,(anonymous_6)
FNDA:0,(anonymous_7)
DA:1,1
DA:10,1
DA:12,1
DA:16,1
DA:20,0
DA:24,0
DA:28,0
DA:32,0
DA:36,0
DA:40,0
DA:44,0
DA:48,0
DA:53,0
DA:54,0
DA:55,0
DA:56,0
DA:57,0
DA:58,0
DA:59,0
DA:60,0
LF:20
LH:4
BRF:0
BRH:0
end_of_record
TN:
SF:lib\api\signatures.ts
FN:5,(anonymous_1)
FN:7,(anonymous_2)
FN:9,(anonymous_3)
FN:13,(anonymous_4)
FN:17,(anonymous_5)
FNF:5
FNH:0
FNDA:0,(anonymous_1)
FNDA:0,(anonymous_2)
FNDA:0,(anonymous_3)
FNDA:0,(anonymous_4)
FNDA:0,(anonymous_5)
DA:4,0
DA:7,0
DA:8,0
DA:9,0
DA:10,0
DA:15,0
DA:19,0
LF:7
LH:0
BRF:0
BRH:0
end_of_record
TN:
SF:lib\api\templates.ts
FN:5,(anonymous_2)
FN:10,(anonymous_3)
FN:20,(anonymous_4)
FN:25,(anonymous_5)
FN:30,(anonymous_6)
FN:35,(anonymous_7)
FN:39,(anonymous_8)
FNF:7
FNH:1
FNDA:0,(anonymous_2)
FNDA:0,(anonymous_3)
FNDA:0,(anonymous_4)
FNDA:0,(anonymous_5)
FNDA:0,(anonymous_6)
FNDA:0,(anonymous_7)
FNDA:2,(anonymous_8)
DA:1,1
DA:4,2
DA:6,0
DA:7,0
DA:11,0
DA:12,0
DA:13,0
DA:15,0
DA:16,0
DA:21,0
DA:22,0
DA:26,0
DA:27,0
DA:31,0
DA:32,0
DA:36,0
DA:40,2
DA:41,2
DA:43,2
DA:46,1
LF:20
LH:6
BRDA:15,0,0,0
BRDA:15,0,1,0
BRF:2
BRH:0
end_of_record
TN:
SF:lib\api\users.ts
FN:21,(anonymous_4)
FN:26,(anonymous_5)
FN:31,(anonymous_6)
FN:41,(anonymous_7)
FN:46,(anonymous_8)
FN:50,(anonymous_9)
FN:55,(anonymous_10)
FN:62,(anonymous_11)
FN:67,(anonymous_12)
FN:72,(anonymous_13)
FNF:10
FNH:2
FNDA:1,(anonymous_4)
FNDA:0,(anonymous_5)
FNDA:1,(anonymous_6)
FNDA:0,(anonymous_7)
FNDA:0,(anonymous_8)
FNDA:0,(anonymous_9)
FNDA:0,(anonymous_10)
FNDA:0,(anonymous_11)
FNDA:0,(anonymous_12)
FNDA:0,(anonymous_13)
DA:1,1
DA:20,2
DA:22,1
DA:23,1
DA:27,0
DA:28,0
DA:37,1
DA:38,0
DA:42,0
DA:43,0
DA:47,0
DA:51,0
DA:52,0
DA:56,0
DA:57,0
DA:61,1
DA:63,0
DA:64,0
DA:68,0
DA:69,0
DA:73,0
DA:74,0
LF:22
LH:6
BRF:0
BRH:0
end_of_record
TN:
SF:lib\validation\schemas.ts
FN:17,(anonymous_12)
FN:18,(anonymous_13)
FN:33,(anonymous_14)
FN:43,(anonymous_15)
FN:51,(anonymous_16)
FN:52,(anonymous_17)
FN:60,(anonymous_18)
FN:61,(anonymous_19)
FN:64,(anonymous_20)
FN:65,(anonymous_21)
FN:72,(anonymous_22)
FN:88,(anonymous_23)
FN:94,(anonymous_24)
FNF:13
FNH:0
FNDA:0,(anonymous_12)
FNDA:0,(anonymous_13)
FNDA:0,(anonymous_14)
FNDA:0,(anonymous_15)
FNDA:0,(anonymous_16)
FNDA:0,(anonymous_17)
FNDA:0,(anonymous_18)
FNDA:0,(anonymous_19)
FNDA:0,(anonymous_20)
FNDA:0,(anonymous_21)
FNDA:0,(anonymous_22)
FNDA:0,(anonymous_23)
FNDA:0,(anonymous_24)
DA:1,0
DA:4,0
DA:9,0
DA:17,0
DA:18,0
DA:23,0
DA:27,0
DA:33,0
DA:39,0
DA:43,0
DA:50,0
DA:51,0
DA:52,0
DA:57,0
DA:60,0
DA:61,0
DA:64,0
DA:65,0
DA:69,0
DA:72,0
DA:76,0
DA:81,0
DA:88,0
DA:91,0
DA:94,0
LF:25
LH:0
BRDA:51,0,0,0
BRDA:51,0,1,0
BRDA:52,1,0,0
BRDA:52,1,1,0
BRDA:64,2,0,0
BRDA:64,2,1,0
BRDA:65,3,0,0
BRDA:65,3,1,0
BRF:8
BRH:0
end_of_record
TN:
SF:scripts\lighthouse-audit.js
FN:4,runLighthouseAudit
FNF:1
FNH:0
FNDA:0,runLighthouseAudit
DA:1,0
DA:2,0
DA:5,0
DA:7,0
DA:22,0
DA:23,0
DA:25,0
DA:26,0
DA:27,0
DA:29,0
DA:30,0
DA:32,0
DA:33,0
DA:36,0
DA:37,0
DA:40,0
DA:43,0
LF:17
LH:0
BRDA:32,0,0,0
BRDA:32,0,1,0
BRDA:36,1,0,0
BRDA:36,1,1,0
BRF:4
BRH:0
end_of_record
TN:
SF:services\auth-api.ts
FN:35,(anonymous_1)
FN:37,(anonymous_2)
FN:39,(anonymous_3)
FN:53,(anonymous_4)
FN:55,(anonymous_5)
FN:58,(anonymous_6)
FN:74,(anonymous_7)
FN:76,(anonymous_8)
FN:88,(anonymous_9)
FNF:9
FNH:0
FNDA:0,(anonymous_1)
FNDA:0,(anonymous_2)
FNDA:0,(anonymous_3)
FNDA:0,(anonymous_4)
FNDA:0,(anonymous_5)
FNDA:0,(anonymous_6)
FNDA:0,(anonymous_7)
FNDA:0,(anonymous_8)
FNDA:0,(anonymous_9)
DA:11,0
DA:33,0
DA:37,0
DA:39,0
DA:40,0
DA:41,0
DA:45,0
DA:48,0
DA:50,0
DA:55,0
DA:58,0
DA:59,0
DA:60,0
DA:64,0
DA:71,0
DA:76,0
DA:79,0
DA:80,0
DA:81,0
DA:82,0
DA:85,0
DA:89,0
DA:90,0
DA:94,0
LF:24
LH:0
BRDA:40,0,0,0
BRDA:40,0,1,0
BRDA:59,1,0,0
BRDA:59,1,1,0
BRDA:80,2,0,0
BRDA:80,2,1,0
BRF:6
BRH:0
end_of_record
TN:
SF:services\verify-api.ts
FN:20,(anonymous_1)
FN:22,(anonymous_2)
FNF:2
FNH:0
FNDA:0,(anonymous_1)
FNDA:0,(anonymous_2)
DA:22,0
DA:25,0
DA:27,0
DA:28,0
DA:35,0
DA:53,0
LF:6
LH:0
BRDA:27,0,0,0
BRDA:27,0,1,0
BRF:2
BRH:0
end_of_record
